#
# A fatal error has been detected by the Java Runtime Environment:
#
#  EXCEPTION_ACCESS_VIOLATION (0xc0000005) at pc=0x00007ffcd6784ccc, pid=17508, tid=2084
#
# JRE version: Java(TM) SE Runtime Environment (20.0.2+9) (build 20.0.2+9-78)
# Java VM: Java HotSpot(TM) 64-Bit Server VM (20.0.2+9-78, mixed mode, sharing, tiered, compressed oops, compressed class ptrs, g1 gc, windows-amd64)
# Problematic frame:
# V  [jvm.dll+0x7c4ccc]
#
# No core dump will be written. Minidumps are not enabled by default on client versions of Windows
#
# If you would like to submit a bug report, please visit:
#   https://bugreport.java.com/bugreport/crash.jsp
#

---------------  S U M M A R Y ------------

Command Line: -Dfile.encoding=UTF-8 --module-path=G:\Rizzler_Underground-main\Rizzler_Underground-main\rizzler_underground\rizzler_underground\gibbysblanket-main\build\classes main.main_class

Host: AMD Ryzen 9 5900X 12-Core Processor            , 24 cores, 31G,  Windows 10 , 64 bit Build 19041 (10.0.19041.3570)
Time: Thu Oct 19 13:48:35 2023 Central Daylight Time elapsed time: 0.048718 seconds (0d 0h 0m 0s)

---------------  T H R E A D  ---------------

Current thread (0x000001feccdd6d30):  JavaThread "main" [_thread_in_vm, id=2084, stack(0x000000df9ac00000,0x000000df9ad00000)]

Stack: [0x000000df9ac00000,0x000000df9ad00000],  sp=0x000000df9acfeca0,  free space=1019k
Native frames: (J=compiled Java code, j=interpreted, Vv=VM code, C=native code)
V  [jvm.dll+0x7c4ccc]
V  [jvm.dll+0x7c4c68]
V  [jvm.dll+0x2705bb]
V  [jvm.dll+0x2707df]
V  [jvm.dll+0x5be3f8]
V  [jvm.dll+0x5c138f]
V  [jvm.dll+0x3dc520]
V  [jvm.dll+0x3dbb5f]
C  0x000001fedc33e560

Java frames: (J=compiled Java code, j=interpreted, Vv=VM code)
j  jdk.internal.vm.PostVMInitHook.getConfigFilePrivileged()Ljava/io/File;+106 java.base@20.0.2
j  jdk.internal.vm.PostVMInitHook.trackJavaUsage()V+16 java.base@20.0.2
j  jdk.internal.vm.PostVMInitHook.run()V+0 java.base@20.0.2
v  ~StubRoutines::call_stub 0x000001fedc31100d

siginfo: EXCEPTION_ACCESS_VIOLATION (0xc0000005), reading address 0x0000000000100515


Registers:
RAX=0x0000000000000000, RBX=0x0000000000000000, RCX=0x0000000000100511, RDX=0x0000000000000000
RSP=0x000000df9acfeca0, RBP=0x0000000000000001, RSI=0x0000000000100511, RDI=0x000001feccdd6d30
R8 =0x0000000000000000, R9 =0x000001feccdd6d30, R10=0x000001fe80692c30, R11=0x000000df9acfef40
R12=0x00000000000093c0, R13=0x000001fe80693372, R14=0x000000df9acfede0, R15=0x0000000000000047
RIP=0x00007ffcd6784ccc, EFLAGS=0x0000000000010206


Register to memory mapping:

RIP=0x00007ffcd6784ccc jvm.dll
RAX=0x0 is NULL
RBX=0x0 is NULL
RCX=0x0000000000100511 is an unknown value
RDX=0x0 is NULL
RSP=0x000000df9acfeca0 is pointing into the stack for thread: 0x000001feccdd6d30
RBP=0x0000000000000001 is an unknown value
RSI=0x0000000000100511 is an unknown value
RDI=0x000001feccdd6d30 is a thread
R8 =0x0 is NULL
R9 =0x000001feccdd6d30 is a thread
R10=0x000001fe80692c30 is pointing into metadata
R11=0x000000df9acfef40 is pointing into the stack for thread: 0x000001feccdd6d30
R12=0x00000000000093c0 is an unknown value
R13=0x000001fe80693372 is pointing into metadata
R14=0x000000df9acfede0 is pointing into the stack for thread: 0x000001feccdd6d30
R15=0x0000000000000047 is an unknown value


Top of Stack: (sp=0x000000df9acfeca0)
0x000000df9acfeca0:   000001feccdd5a30 000001fe8022a0f8
0x000000df9acfecb0:   000001fecab80000 00007ffcd6653c18
0x000000df9acfecc0:   000001feccdd4c20 000000df9acfed89
0x000000df9acfecd0:   000001feccdd4c20 000001fe8022a0f8
0x000000df9acfece0:   000001fecce8d6e0 00007ffcd6254965
0x000000df9acfecf0:   000001fecce8d6e0 00007ffcd625543f
0x000000df9acfed00:   0000000000000047 000000df9acfede0
0x000000df9acfed10:   000001fe80693372 00000000000093c0
0x000000df9acfed20:   000001feccdd6d30 00007ffcd6784c68
0x000000df9acfed30:   000001fe8022a19c 0000000000000000
0x000000df9acfed40:   0000000000000001 0000000000100511
0x000000df9acfed50:   0000000000000000 00007ffcd62305bb
0x000000df9acfed60:   0000000000000000 0000000000000000
0x000000df9acfed70:   000001feccdd6d30 0000000000000000
0x000000df9acfed80:   000001feccdd6d30 00007ffc00000003
0x000000df9acfed90:   000001fe80693372 000000df9acfef40
0x000000df9acfeda0:   000001fe80693372 0000000000000000
0x000000df9acfedb0:   000001feccdd6d30 00007ffcd62307df
0x000000df9acfedc0:   0000000000100511 000000000000000d
0x000000df9acfedd0:   000001fe80692c30 0000000000520047
0x000000df9acfede0:   000001fe80692c30 000001feccdd6d30
0x000000df9acfedf0:   000000df9acfeea8 00007ffcd657e3f8
0x000000df9acfee00:   000001fe80692c30 000001feccdd6d30
0x000000df9acfee10:   000001fecaab3a00 000001fe800f6cf8
0x000000df9acfee20:   0000000000000000 00007ffcd61f604a
0x000000df9acfee30:   000000df9acfefc0 000001feccdd6d30
0x000000df9acfee40:   000001fecaab3a00 00007ffcd658138f
0x000000df9acfee50:   000000df9acfeeb0 000001feccdde378
0x000000df9acfee60:   000000df9acfee99 0000001500000014
0x000000df9acfee70:   0000000000000015 000000030000000e
0x000000df9acfee80:   000001fe80480090 0000000000000000
0x000000df9acfee90:   00000000000000b7 00007ffcd62d6a7f 

Instructions: (pc=0x00007ffcd6784ccc)
0x00007ffcd6784bcc:   74 28 49 83 3e 00 74 22 48 8b 4c 24 40 4d 8b ce
0x00007ffcd6784bdc:   4c 8b c3 4c 89 6c 24 20 49 8b d7 e8 84 76 b2 ff
0x00007ffcd6784bec:   49 83 7d 08 00 74 03 45 33 ff 48 85 ed 74 08 48
0x00007ffcd6784bfc:   8b cd e8 5d 17 ff ff 48 8d 4c 24 78 e8 93 6e ff
0x00007ffcd6784c0c:   ff 48 8b ac 24 20 01 00 00 48 8d 8c 24 90 00 00
0x00007ffcd6784c1c:   00 e8 de d4 bd ff 48 8b bc 24 d0 00 00 00 49 8b
0x00007ffcd6784c2c:   c7 48 81 c4 d8 00 00 00 41 5f 41 5e 41 5d 41 5c
0x00007ffcd6784c3c:   5e 5b c3 cc 48 89 5c 24 08 48 89 6c 24 10 48 89
0x00007ffcd6784c4c:   74 24 18 57 48 83 ec 20 48 8b 7c 24 50 41 0f b6
0x00007ffcd6784c5c:   e9 4c 8b cf 48 8b f1 e8 48 00 00 00 48 83 7f 08
0x00007ffcd6784c6c:   00 48 8b d8 75 05 48 85 c0 75 1c 4c 8b c7 40 0f
0x00007ffcd6784c7c:   b6 d5 48 8b ce e8 1a dd ff ff 33 c0 48 39 47 08
0x00007ffcd6784c8c:   48 0f 45 d8 48 8b c3 48 8b 5c 24 30 48 8b 6c 24
0x00007ffcd6784c9c:   38 48 8b 74 24 40 48 83 c4 20 5f c3 cc cc cc cc
0x00007ffcd6784cac:   cc cc cc cc 48 89 5c 24 10 48 89 6c 24 18 48 89
0x00007ffcd6784cbc:   74 24 20 57 41 54 41 55 41 56 41 57 48 83 ec 60
0x00007ffcd6784ccc:   66 83 79 04 01 4d 8b e9 49 8b d8 48 8b fa 4c 8b
0x00007ffcd6784cdc:   f1 0f 86 05 02 00 00 80 79 06 5b 0f 85 fb 01 00
0x00007ffcd6784cec:   00 e8 4e 0d f7 ff 84 c0 0f 84 ee 01 00 00 49 8b
0x00007ffcd6784cfc:   b5 50 02 00 00 48 8d 4c 24 28 45 33 c0 49 8b d6
0x00007ffcd6784d0c:   48 8b 46 28 48 8b 6e 10 4c 8b 7e 18 4c 8b 66 20
0x00007ffcd6784d1c:   48 89 44 24 20 e8 da 02 f7 ff 8b 44 24 40 45 33
0x00007ffcd6784d2c:   f6 83 f8 0d 74 0d 45 8b ce 44 89 b4 24 90 00 00
0x00007ffcd6784d3c:   00 eb 18 48 8d 4c 24 28 e8 27 11 f7 ff 44 8b c8
0x00007ffcd6784d4c:   89 84 24 90 00 00 00 8b 44 24 40 48 63 54 24 30
0x00007ffcd6784d5c:   48 8b 4c 24 28 80 7c 0a 06 4c 0f 85 d6 00 00 00
0x00007ffcd6784d6c:   48 8d 4c 24 28 e8 3a 0b f7 ff 4d 8b cd 4c 8b c3
0x00007ffcd6784d7c:   48 8b d7 48 8b c8 e8 f9 f7 ff ff 48 8b d8 4d 39
0x00007ffcd6784d8c:   75 08 74 43 48 8d 4c 24 28 e8 b6 02 f7 ff 4c 39
0x00007ffcd6784d9c:   75 00 74 15 48 8b 54 24 20 48 8b ce e8 53 e2 8f
0x00007ffcd6784dac:   ff 48 8b cd e8 5b e1 8f ff 4c 39 7e 18 0f 84 21
0x00007ffcd6784dbc:   01 00 00 48 89 6e 10 49 8b c6 4c 89 7e 18 4c 89 


Stack slot to memory mapping:
stack at sp + 0 slots: 0x000001feccdd5a30 points into unknown readable memory: 0x0000000000000000 | 00 00 00 00 00 00 00 00
stack at sp + 1 slots: 0x000001fe8022a0f8 is a pointer to class: 
jdk.internal.vm.PostVMInitHook$1 {0x000001fe8022a100}
 - instance size:     2
 - klass size:        69
 - access:            synchronized 
 - state:             fully_initialized
 - name:              'jdk/internal/vm/PostVMInitHook$1'
 - super:             'java/lang/Object'
 - sub:               
 - arrays:            NULL
 - methods:           Array<T>(0x000001fe80910ec0)
 - method ordering:   Array<T>(0x000001fe80910f38)
 - default_methods:   Array<T>(0x0000000000000000)
 - local interfaces:  Array<T>(0x000001fe80910bf8)
 - trans. interfaces: Array<T>(0x000001fe80910bf8)
 - constants:         constant pool [48] {0x000001fe80910c80} for 'jdk/internal/vm/PostVMInitHook$1' cache=0x000001fe8022a3b0
 - class loader data:  loader data: 0x000001fecce8d6e0 of 'bootstrap'
 - source file:       'PostVMInitHook.java'
 - class annotations:       Array<T>(0x0000000000000000)
 - class type annotations:  Array<T>(0x0000000000000000)
 - field annotations:       Array<T>(0x0000000000000000)
 - field type annotations:  Array<T>(0x0000000000000000)
 - generic signature: 'Ljava/lang/Object;Ljava/security/PrivilegedAction<Ljava/io/File;>;'
 - inner classes:     Array<T>(0x000001fe80910ea8)
 - nest members:     Array<T>(0x000001fe806100f8)
 - permitted subclasses:     Array<T>(0x000001fe806100f8)
 - java mirror:       a 'java/lang/Class'{0x0000000620b38f20} = 'jdk/internal/vm/PostVMInitHook$1'
 - vtable length      7  (start addr: 0x000001fe8022a2b8)
 - itable length      5 (start addr: 0x000001fe8022a2f0)
 - ---- static fields (0 words):
 - ---- non-static fields (1 words):
 - final synthetic 'val$path' 'Ljava/lang/String;' @12 
 - non-static oop maps: 12-12 
stack at sp + 2 slots: 0x000001fecab80000 points into unknown readable memory: 0x0000000000000000 | 00 00 00 00 00 00 00 00
stack at sp + 3 slots: 0x00007ffcd6653c18 jvm.dll
stack at sp + 4 slots: 0x000001feccdd4c20 points into unknown readable memory: 0x0000000000000000 | 00 00 00 00 00 00 00 00
stack at sp + 5 slots: 0x000000df9acfed89 is pointing into the stack for thread: 0x000001feccdd6d30
stack at sp + 6 slots: 0x000001feccdd4c20 points into unknown readable memory: 0x0000000000000000 | 00 00 00 00 00 00 00 00
stack at sp + 7 slots: 0x000001fe8022a0f8 is a pointer to class: 
jdk.internal.vm.PostVMInitHook$1 {0x000001fe8022a100}
 - instance size:     2
 - klass size:        69
 - access:            synchronized 
 - state:             fully_initialized
 - name:              'jdk/internal/vm/PostVMInitHook$1'
 - super:             'java/lang/Object'
 - sub:               
 - arrays:            NULL
 - methods:           Array<T>(0x000001fe80910ec0)
 - method ordering:   Array<T>(0x000001fe80910f38)
 - default_methods:   Array<T>(0x0000000000000000)
 - local interfaces:  Array<T>(0x000001fe80910bf8)
 - trans. interfaces: Array<T>(0x000001fe80910bf8)
 - constants:         constant pool [48] {0x000001fe80910c80} for 'jdk/internal/vm/PostVMInitHook$1' cache=0x000001fe8022a3b0
 - class loader data:  loader data: 0x000001fecce8d6e0 of 'bootstrap'
 - source file:       'PostVMInitHook.java'
 - class annotations:       Array<T>(0x0000000000000000)
 - class type annotations:  Array<T>(0x0000000000000000)
 - field annotations:       Array<T>(0x0000000000000000)
 - field type annotations:  Array<T>(0x0000000000000000)
 - generic signature: 'Ljava/lang/Object;Ljava/security/PrivilegedAction<Ljava/io/File;>;'
 - inner classes:     Array<T>(0x000001fe80910ea8)
 - nest members:     Array<T>(0x000001fe806100f8)
 - permitted subclasses:     Array<T>(0x000001fe806100f8)
 - java mirror:       a 'java/lang/Class'{0x0000000620b38f20} = 'jdk/internal/vm/PostVMInitHook$1'
 - vtable length      7  (start addr: 0x000001fe8022a2b8)
 - itable length      5 (start addr: 0x000001fe8022a2f0)
 - ---- static fields (0 words):
 - ---- non-static fields (1 words):
 - final synthetic 'val$path' 'Ljava/lang/String;' @12 
 - non-static oop maps: 12-12 


---------------  P R O C E S S  ---------------

Threads class SMR info:
_java_thread_list=0x000001fef3480ef0, length=13, elements={
0x000001feccdd6d30, 0x000001fef227f480, 0x000001fef2280280, 0x000001fef2282b60,
0x000001fef2288fa0, 0x000001fef22898e0, 0x000001fef22870c0, 0x000001fef228c5f0,
0x000001fef2295790, 0x000001fef3418990, 0x000001fef3428590, 0x000001fef3428b20,
0x000001fef34cb2f0
}

Java Threads: ( => current thread )
=>0x000001feccdd6d30 JavaThread "main" [_thread_in_vm, id=2084, stack(0x000000df9ac00000,0x000000df9ad00000)]
  0x000001fef227f480 JavaThread "Reference Handler" daemon [_thread_blocked, id=18484, stack(0x000000df9b300000,0x000000df9b400000)]
  0x000001fef2280280 JavaThread "Finalizer" daemon [_thread_blocked, id=18004, stack(0x000000df9b400000,0x000000df9b500000)]
  0x000001fef2282b60 JavaThread "Signal Dispatcher" daemon [_thread_blocked, id=20736, stack(0x000000df9b500000,0x000000df9b600000)]
  0x000001fef2288fa0 JavaThread "Attach Listener" daemon [_thread_blocked, id=21476, stack(0x000000df9b600000,0x000000df9b700000)]
  0x000001fef22898e0 JavaThread "Service Thread" daemon [_thread_blocked, id=9436, stack(0x000000df9b700000,0x000000df9b800000)]
  0x000001fef22870c0 JavaThread "Monitor Deflation Thread" daemon [_thread_blocked, id=4100, stack(0x000000df9b800000,0x000000df9b900000)]
  0x000001fef228c5f0 JavaThread "C2 CompilerThread0" daemon [_thread_blocked, id=8648, stack(0x000000df9b900000,0x000000df9ba00000)]
  0x000001fef2295790 JavaThread "C1 CompilerThread0" daemon [_thread_blocked, id=20996, stack(0x000000df9ba00000,0x000000df9bb00000)]
  0x000001fef3418990 JavaThread "Common-Cleaner" daemon [_thread_blocked, id=14124, stack(0x000000df9bb00000,0x000000df9bc00000)]
  0x000001fef3428590 JavaThread "C1 CompilerThread1" daemon [_thread_blocked, id=13052, stack(0x000000df9bc00000,0x000000df9bd00000)]
  0x000001fef3428b20 JavaThread "C1 CompilerThread2" daemon [_thread_blocked, id=4688, stack(0x000000df9bd00000,0x000000df9be00000)]
  0x000001fef34cb2f0 JavaThread "Notification Thread" daemon [_thread_blocked, id=18132, stack(0x000000df9be00000,0x000000df9bf00000)]

Other Threads:
  0x000001feccdfb6f0 VMThread "VM Thread" [stack: 0x000000df9b200000,0x000000df9b300000] [id=14544]
  0x000001feccdfa340 WorkerThread "GC Thread#0" [stack: 0x000000df9ad00000,0x000000df9ae00000] [id=12956]
  0x000001fecce9ff70 ConcurrentGCThread "G1 Main Marker" [stack: 0x000000df9ae00000,0x000000df9af00000] [id=11964]
  0x000001feccdfbf60 WorkerThread "G1 Conc#0" [stack: 0x000000df9af00000,0x000000df9b000000] [id=18152]
  0x000001fef218ce90 ConcurrentGCThread "G1 Refine#0" [stack: 0x000000df9b000000,0x000000df9b100000] [id=9816]
  0x000001fef218d840 ConcurrentGCThread "G1 Service" [stack: 0x000000df9b100000,0x000000df9b200000] [id=8936]

Threads with active compile tasks:

VM state: not at safepoint (normal execution)

VM Mutex/Monitor currently owned by a thread: None

Heap address: 0x0000000600c00000, size: 8180 MB, Compressed Oops mode: Zero based, Oop shift amount: 3

CDS archive(s) mapped at: [0x000001fe80000000-0x000001fe80c60000-0x000001fe80c60000), size 12976128, SharedBaseAddress: 0x000001fe80000000, ArchiveRelocationMode: 1.
Compressed class space mapped at: 0x000001fe81000000-0x000001fec1000000, reserved size: 1073741824
Narrow klass base: 0x000001fe80000000, Narrow klass shift: 0, Narrow klass range: 0x100000000

GC Precious Log:
 CardTable entry size: 512
 Card Set container configuration: InlinePtr #cards 4 size 8 Array Of Cards #cards 32 size 80 Howl #buckets 8 coarsen threshold 7372 Howl Bitmap #cards 1024 size 144 coarsen threshold 921 Card regions per heap region 1 cards per card region 8192
 CPUs: 24 total, 24 available
 Memory: 32708M
 Large Page Support: Disabled
 NUMA Support: Disabled
 Compressed Oops: Enabled (Zero based)
 Heap Region Size: 4M
 Heap Min Capacity: 8M
 Heap Initial Capacity: 512M
 Heap Max Capacity: 8180M
 Pre-touch: Disabled
 Parallel Workers: 18
 Concurrent Workers: 5
 Concurrent Refinement Workers: 18
 Periodic GC: Disabled

Heap:
 garbage-first heap   total 524288K, used 0K [0x0000000600c00000, 0x0000000800000000)
  region size 4096K, 1 young (4096K), 0 survivors (0K)
 Metaspace       used 316K, committed 512K, reserved 1114112K
  class space    used 20K, committed 128K, reserved 1048576K

Heap Regions: E=young(eden), S=young(survivor), O=old, HS=humongous(starts), HC=humongous(continues), CS=collection set, F=free, OA=open archive, CA=closed archive, TAMS=top-at-mark-start, PB=parsable bottom
|   0|0x0000000600c00000, 0x0000000600c00000, 0x0000000601000000|  0%| F|  |TAMS 0x0000000600c00000| PB 0x0000000600c00000| Untracked 
|   1|0x0000000601000000, 0x0000000601000000, 0x0000000601400000|  0%| F|  |TAMS 0x0000000601000000| PB 0x0000000601000000| Untracked 
|   2|0x0000000601400000, 0x0000000601400000, 0x0000000601800000|  0%| F|  |TAMS 0x0000000601400000| PB 0x0000000601400000| Untracked 
|   3|0x0000000601800000, 0x0000000601800000, 0x0000000601c00000|  0%| F|  |TAMS 0x0000000601800000| PB 0x0000000601800000| Untracked 
|   4|0x0000000601c00000, 0x0000000601c00000, 0x0000000602000000|  0%| F|  |TAMS 0x0000000601c00000| PB 0x0000000601c00000| Untracked 
|   5|0x0000000602000000, 0x0000000602000000, 0x0000000602400000|  0%| F|  |TAMS 0x0000000602000000| PB 0x0000000602000000| Untracked 
|   6|0x0000000602400000, 0x0000000602400000, 0x0000000602800000|  0%| F|  |TAMS 0x0000000602400000| PB 0x0000000602400000| Untracked 
|   7|0x0000000602800000, 0x0000000602800000, 0x0000000602c00000|  0%| F|  |TAMS 0x0000000602800000| PB 0x0000000602800000| Untracked 
|   8|0x0000000602c00000, 0x0000000602c00000, 0x0000000603000000|  0%| F|  |TAMS 0x0000000602c00000| PB 0x0000000602c00000| Untracked 
|   9|0x0000000603000000, 0x0000000603000000, 0x0000000603400000|  0%| F|  |TAMS 0x0000000603000000| PB 0x0000000603000000| Untracked 
|  10|0x0000000603400000, 0x0000000603400000, 0x0000000603800000|  0%| F|  |TAMS 0x0000000603400000| PB 0x0000000603400000| Untracked 
|  11|0x0000000603800000, 0x0000000603800000, 0x0000000603c00000|  0%| F|  |TAMS 0x0000000603800000| PB 0x0000000603800000| Untracked 
|  12|0x0000000603c00000, 0x0000000603c00000, 0x0000000604000000|  0%| F|  |TAMS 0x0000000603c00000| PB 0x0000000603c00000| Untracked 
|  13|0x0000000604000000, 0x0000000604000000, 0x0000000604400000|  0%| F|  |TAMS 0x0000000604000000| PB 0x0000000604000000| Untracked 
|  14|0x0000000604400000, 0x0000000604400000, 0x0000000604800000|  0%| F|  |TAMS 0x0000000604400000| PB 0x0000000604400000| Untracked 
|  15|0x0000000604800000, 0x0000000604800000, 0x0000000604c00000|  0%| F|  |TAMS 0x0000000604800000| PB 0x0000000604800000| Untracked 
|  16|0x0000000604c00000, 0x0000000604c00000, 0x0000000605000000|  0%| F|  |TAMS 0x0000000604c00000| PB 0x0000000604c00000| Untracked 
|  17|0x0000000605000000, 0x0000000605000000, 0x0000000605400000|  0%| F|  |TAMS 0x0000000605000000| PB 0x0000000605000000| Untracked 
|  18|0x0000000605400000, 0x0000000605400000, 0x0000000605800000|  0%| F|  |TAMS 0x0000000605400000| PB 0x0000000605400000| Untracked 
|  19|0x0000000605800000, 0x0000000605800000, 0x0000000605c00000|  0%| F|  |TAMS 0x0000000605800000| PB 0x0000000605800000| Untracked 
|  20|0x0000000605c00000, 0x0000000605c00000, 0x0000000606000000|  0%| F|  |TAMS 0x0000000605c00000| PB 0x0000000605c00000| Untracked 
|  21|0x0000000606000000, 0x0000000606000000, 0x0000000606400000|  0%| F|  |TAMS 0x0000000606000000| PB 0x0000000606000000| Untracked 
|  22|0x0000000606400000, 0x0000000606400000, 0x0000000606800000|  0%| F|  |TAMS 0x0000000606400000| PB 0x0000000606400000| Untracked 
|  23|0x0000000606800000, 0x0000000606800000, 0x0000000606c00000|  0%| F|  |TAMS 0x0000000606800000| PB 0x0000000606800000| Untracked 
|  24|0x0000000606c00000, 0x0000000606c00000, 0x0000000607000000|  0%| F|  |TAMS 0x0000000606c00000| PB 0x0000000606c00000| Untracked 
|  25|0x0000000607000000, 0x0000000607000000, 0x0000000607400000|  0%| F|  |TAMS 0x0000000607000000| PB 0x0000000607000000| Untracked 
|  26|0x0000000607400000, 0x0000000607400000, 0x0000000607800000|  0%| F|  |TAMS 0x0000000607400000| PB 0x0000000607400000| Untracked 
|  27|0x0000000607800000, 0x0000000607800000, 0x0000000607c00000|  0%| F|  |TAMS 0x0000000607800000| PB 0x0000000607800000| Untracked 
|  28|0x0000000607c00000, 0x0000000607c00000, 0x0000000608000000|  0%| F|  |TAMS 0x0000000607c00000| PB 0x0000000607c00000| Untracked 
|  29|0x0000000608000000, 0x0000000608000000, 0x0000000608400000|  0%| F|  |TAMS 0x0000000608000000| PB 0x0000000608000000| Untracked 
|  30|0x0000000608400000, 0x0000000608400000, 0x0000000608800000|  0%| F|  |TAMS 0x0000000608400000| PB 0x0000000608400000| Untracked 
|  31|0x0000000608800000, 0x0000000608800000, 0x0000000608c00000|  0%| F|  |TAMS 0x0000000608800000| PB 0x0000000608800000| Untracked 
|  32|0x0000000608c00000, 0x0000000608c00000, 0x0000000609000000|  0%| F|  |TAMS 0x0000000608c00000| PB 0x0000000608c00000| Untracked 
|  33|0x0000000609000000, 0x0000000609000000, 0x0000000609400000|  0%| F|  |TAMS 0x0000000609000000| PB 0x0000000609000000| Untracked 
|  34|0x0000000609400000, 0x0000000609400000, 0x0000000609800000|  0%| F|  |TAMS 0x0000000609400000| PB 0x0000000609400000| Untracked 
|  35|0x0000000609800000, 0x0000000609800000, 0x0000000609c00000|  0%| F|  |TAMS 0x0000000609800000| PB 0x0000000609800000| Untracked 
|  36|0x0000000609c00000, 0x0000000609c00000, 0x000000060a000000|  0%| F|  |TAMS 0x0000000609c00000| PB 0x0000000609c00000| Untracked 
|  37|0x000000060a000000, 0x000000060a000000, 0x000000060a400000|  0%| F|  |TAMS 0x000000060a000000| PB 0x000000060a000000| Untracked 
|  38|0x000000060a400000, 0x000000060a400000, 0x000000060a800000|  0%| F|  |TAMS 0x000000060a400000| PB 0x000000060a400000| Untracked 
|  39|0x000000060a800000, 0x000000060a800000, 0x000000060ac00000|  0%| F|  |TAMS 0x000000060a800000| PB 0x000000060a800000| Untracked 
|  40|0x000000060ac00000, 0x000000060ac00000, 0x000000060b000000|  0%| F|  |TAMS 0x000000060ac00000| PB 0x000000060ac00000| Untracked 
|  41|0x000000060b000000, 0x000000060b000000, 0x000000060b400000|  0%| F|  |TAMS 0x000000060b000000| PB 0x000000060b000000| Untracked 
|  42|0x000000060b400000, 0x000000060b400000, 0x000000060b800000|  0%| F|  |TAMS 0x000000060b400000| PB 0x000000060b400000| Untracked 
|  43|0x000000060b800000, 0x000000060b800000, 0x000000060bc00000|  0%| F|  |TAMS 0x000000060b800000| PB 0x000000060b800000| Untracked 
|  44|0x000000060bc00000, 0x000000060bc00000, 0x000000060c000000|  0%| F|  |TAMS 0x000000060bc00000| PB 0x000000060bc00000| Untracked 
|  45|0x000000060c000000, 0x000000060c000000, 0x000000060c400000|  0%| F|  |TAMS 0x000000060c000000| PB 0x000000060c000000| Untracked 
|  46|0x000000060c400000, 0x000000060c400000, 0x000000060c800000|  0%| F|  |TAMS 0x000000060c400000| PB 0x000000060c400000| Untracked 
|  47|0x000000060c800000, 0x000000060c800000, 0x000000060cc00000|  0%| F|  |TAMS 0x000000060c800000| PB 0x000000060c800000| Untracked 
|  48|0x000000060cc00000, 0x000000060cc00000, 0x000000060d000000|  0%| F|  |TAMS 0x000000060cc00000| PB 0x000000060cc00000| Untracked 
|  49|0x000000060d000000, 0x000000060d000000, 0x000000060d400000|  0%| F|  |TAMS 0x000000060d000000| PB 0x000000060d000000| Untracked 
|  50|0x000000060d400000, 0x000000060d400000, 0x000000060d800000|  0%| F|  |TAMS 0x000000060d400000| PB 0x000000060d400000| Untracked 
|  51|0x000000060d800000, 0x000000060d800000, 0x000000060dc00000|  0%| F|  |TAMS 0x000000060d800000| PB 0x000000060d800000| Untracked 
|  52|0x000000060dc00000, 0x000000060dc00000, 0x000000060e000000|  0%| F|  |TAMS 0x000000060dc00000| PB 0x000000060dc00000| Untracked 
|  53|0x000000060e000000, 0x000000060e000000, 0x000000060e400000|  0%| F|  |TAMS 0x000000060e000000| PB 0x000000060e000000| Untracked 
|  54|0x000000060e400000, 0x000000060e400000, 0x000000060e800000|  0%| F|  |TAMS 0x000000060e400000| PB 0x000000060e400000| Untracked 
|  55|0x000000060e800000, 0x000000060e800000, 0x000000060ec00000|  0%| F|  |TAMS 0x000000060e800000| PB 0x000000060e800000| Untracked 
|  56|0x000000060ec00000, 0x000000060ec00000, 0x000000060f000000|  0%| F|  |TAMS 0x000000060ec00000| PB 0x000000060ec00000| Untracked 
|  57|0x000000060f000000, 0x000000060f000000, 0x000000060f400000|  0%| F|  |TAMS 0x000000060f000000| PB 0x000000060f000000| Untracked 
|  58|0x000000060f400000, 0x000000060f400000, 0x000000060f800000|  0%| F|  |TAMS 0x000000060f400000| PB 0x000000060f400000| Untracked 
|  59|0x000000060f800000, 0x000000060f800000, 0x000000060fc00000|  0%| F|  |TAMS 0x000000060f800000| PB 0x000000060f800000| Untracked 
|  60|0x000000060fc00000, 0x000000060fc00000, 0x0000000610000000|  0%| F|  |TAMS 0x000000060fc00000| PB 0x000000060fc00000| Untracked 
|  61|0x0000000610000000, 0x0000000610000000, 0x0000000610400000|  0%| F|  |TAMS 0x0000000610000000| PB 0x0000000610000000| Untracked 
|  62|0x0000000610400000, 0x0000000610400000, 0x0000000610800000|  0%| F|  |TAMS 0x0000000610400000| PB 0x0000000610400000| Untracked 
|  63|0x0000000610800000, 0x0000000610800000, 0x0000000610c00000|  0%| F|  |TAMS 0x0000000610800000| PB 0x0000000610800000| Untracked 
|  64|0x0000000610c00000, 0x0000000610c00000, 0x0000000611000000|  0%| F|  |TAMS 0x0000000610c00000| PB 0x0000000610c00000| Untracked 
|  65|0x0000000611000000, 0x0000000611000000, 0x0000000611400000|  0%| F|  |TAMS 0x0000000611000000| PB 0x0000000611000000| Untracked 
|  66|0x0000000611400000, 0x0000000611400000, 0x0000000611800000|  0%| F|  |TAMS 0x0000000611400000| PB 0x0000000611400000| Untracked 
|  67|0x0000000611800000, 0x0000000611800000, 0x0000000611c00000|  0%| F|  |TAMS 0x0000000611800000| PB 0x0000000611800000| Untracked 
|  68|0x0000000611c00000, 0x0000000611c00000, 0x0000000612000000|  0%| F|  |TAMS 0x0000000611c00000| PB 0x0000000611c00000| Untracked 
|  69|0x0000000612000000, 0x0000000612000000, 0x0000000612400000|  0%| F|  |TAMS 0x0000000612000000| PB 0x0000000612000000| Untracked 
|  70|0x0000000612400000, 0x0000000612400000, 0x0000000612800000|  0%| F|  |TAMS 0x0000000612400000| PB 0x0000000612400000| Untracked 
|  71|0x0000000612800000, 0x0000000612800000, 0x0000000612c00000|  0%| F|  |TAMS 0x0000000612800000| PB 0x0000000612800000| Untracked 
|  72|0x0000000612c00000, 0x0000000612c00000, 0x0000000613000000|  0%| F|  |TAMS 0x0000000612c00000| PB 0x0000000612c00000| Untracked 
|  73|0x0000000613000000, 0x0000000613000000, 0x0000000613400000|  0%| F|  |TAMS 0x0000000613000000| PB 0x0000000613000000| Untracked 
|  74|0x0000000613400000, 0x0000000613400000, 0x0000000613800000|  0%| F|  |TAMS 0x0000000613400000| PB 0x0000000613400000| Untracked 
|  75|0x0000000613800000, 0x0000000613800000, 0x0000000613c00000|  0%| F|  |TAMS 0x0000000613800000| PB 0x0000000613800000| Untracked 
|  76|0x0000000613c00000, 0x0000000613c00000, 0x0000000614000000|  0%| F|  |TAMS 0x0000000613c00000| PB 0x0000000613c00000| Untracked 
|  77|0x0000000614000000, 0x0000000614000000, 0x0000000614400000|  0%| F|  |TAMS 0x0000000614000000| PB 0x0000000614000000| Untracked 
|  78|0x0000000614400000, 0x0000000614400000, 0x0000000614800000|  0%| F|  |TAMS 0x0000000614400000| PB 0x0000000614400000| Untracked 
|  79|0x0000000614800000, 0x0000000614800000, 0x0000000614c00000|  0%| F|  |TAMS 0x0000000614800000| PB 0x0000000614800000| Untracked 
|  80|0x0000000614c00000, 0x0000000614c00000, 0x0000000615000000|  0%| F|  |TAMS 0x0000000614c00000| PB 0x0000000614c00000| Untracked 
|  81|0x0000000615000000, 0x0000000615000000, 0x0000000615400000|  0%| F|  |TAMS 0x0000000615000000| PB 0x0000000615000000| Untracked 
|  82|0x0000000615400000, 0x0000000615400000, 0x0000000615800000|  0%| F|  |TAMS 0x0000000615400000| PB 0x0000000615400000| Untracked 
|  83|0x0000000615800000, 0x0000000615800000, 0x0000000615c00000|  0%| F|  |TAMS 0x0000000615800000| PB 0x0000000615800000| Untracked 
|  84|0x0000000615c00000, 0x0000000615c00000, 0x0000000616000000|  0%| F|  |TAMS 0x0000000615c00000| PB 0x0000000615c00000| Untracked 
|  85|0x0000000616000000, 0x0000000616000000, 0x0000000616400000|  0%| F|  |TAMS 0x0000000616000000| PB 0x0000000616000000| Untracked 
|  86|0x0000000616400000, 0x0000000616400000, 0x0000000616800000|  0%| F|  |TAMS 0x0000000616400000| PB 0x0000000616400000| Untracked 
|  87|0x0000000616800000, 0x0000000616800000, 0x0000000616c00000|  0%| F|  |TAMS 0x0000000616800000| PB 0x0000000616800000| Untracked 
|  88|0x0000000616c00000, 0x0000000616c00000, 0x0000000617000000|  0%| F|  |TAMS 0x0000000616c00000| PB 0x0000000616c00000| Untracked 
|  89|0x0000000617000000, 0x0000000617000000, 0x0000000617400000|  0%| F|  |TAMS 0x0000000617000000| PB 0x0000000617000000| Untracked 
|  90|0x0000000617400000, 0x0000000617400000, 0x0000000617800000|  0%| F|  |TAMS 0x0000000617400000| PB 0x0000000617400000| Untracked 
|  91|0x0000000617800000, 0x0000000617800000, 0x0000000617c00000|  0%| F|  |TAMS 0x0000000617800000| PB 0x0000000617800000| Untracked 
|  92|0x0000000617c00000, 0x0000000617c00000, 0x0000000618000000|  0%| F|  |TAMS 0x0000000617c00000| PB 0x0000000617c00000| Untracked 
|  93|0x0000000618000000, 0x0000000618000000, 0x0000000618400000|  0%| F|  |TAMS 0x0000000618000000| PB 0x0000000618000000| Untracked 
|  94|0x0000000618400000, 0x0000000618400000, 0x0000000618800000|  0%| F|  |TAMS 0x0000000618400000| PB 0x0000000618400000| Untracked 
|  95|0x0000000618800000, 0x0000000618800000, 0x0000000618c00000|  0%| F|  |TAMS 0x0000000618800000| PB 0x0000000618800000| Untracked 
|  96|0x0000000618c00000, 0x0000000618c00000, 0x0000000619000000|  0%| F|  |TAMS 0x0000000618c00000| PB 0x0000000618c00000| Untracked 
|  97|0x0000000619000000, 0x0000000619000000, 0x0000000619400000|  0%| F|  |TAMS 0x0000000619000000| PB 0x0000000619000000| Untracked 
|  98|0x0000000619400000, 0x0000000619400000, 0x0000000619800000|  0%| F|  |TAMS 0x0000000619400000| PB 0x0000000619400000| Untracked 
|  99|0x0000000619800000, 0x0000000619800000, 0x0000000619c00000|  0%| F|  |TAMS 0x0000000619800000| PB 0x0000000619800000| Untracked 
| 100|0x0000000619c00000, 0x0000000619c00000, 0x000000061a000000|  0%| F|  |TAMS 0x0000000619c00000| PB 0x0000000619c00000| Untracked 
| 101|0x000000061a000000, 0x000000061a000000, 0x000000061a400000|  0%| F|  |TAMS 0x000000061a000000| PB 0x000000061a000000| Untracked 
| 102|0x000000061a400000, 0x000000061a400000, 0x000000061a800000|  0%| F|  |TAMS 0x000000061a400000| PB 0x000000061a400000| Untracked 
| 103|0x000000061a800000, 0x000000061a800000, 0x000000061ac00000|  0%| F|  |TAMS 0x000000061a800000| PB 0x000000061a800000| Untracked 
| 104|0x000000061ac00000, 0x000000061ac00000, 0x000000061b000000|  0%| F|  |TAMS 0x000000061ac00000| PB 0x000000061ac00000| Untracked 
| 105|0x000000061b000000, 0x000000061b000000, 0x000000061b400000|  0%| F|  |TAMS 0x000000061b000000| PB 0x000000061b000000| Untracked 
| 106|0x000000061b400000, 0x000000061b400000, 0x000000061b800000|  0%| F|  |TAMS 0x000000061b400000| PB 0x000000061b400000| Untracked 
| 107|0x000000061b800000, 0x000000061b800000, 0x000000061bc00000|  0%| F|  |TAMS 0x000000061b800000| PB 0x000000061b800000| Untracked 
| 108|0x000000061bc00000, 0x000000061bc00000, 0x000000061c000000|  0%| F|  |TAMS 0x000000061bc00000| PB 0x000000061bc00000| Untracked 
| 109|0x000000061c000000, 0x000000061c000000, 0x000000061c400000|  0%| F|  |TAMS 0x000000061c000000| PB 0x000000061c000000| Untracked 
| 110|0x000000061c400000, 0x000000061c400000, 0x000000061c800000|  0%| F|  |TAMS 0x000000061c400000| PB 0x000000061c400000| Untracked 
| 111|0x000000061c800000, 0x000000061c800000, 0x000000061cc00000|  0%| F|  |TAMS 0x000000061c800000| PB 0x000000061c800000| Untracked 
| 112|0x000000061cc00000, 0x000000061cc00000, 0x000000061d000000|  0%| F|  |TAMS 0x000000061cc00000| PB 0x000000061cc00000| Untracked 
| 113|0x000000061d000000, 0x000000061d000000, 0x000000061d400000|  0%| F|  |TAMS 0x000000061d000000| PB 0x000000061d000000| Untracked 
| 114|0x000000061d400000, 0x000000061d400000, 0x000000061d800000|  0%| F|  |TAMS 0x000000061d400000| PB 0x000000061d400000| Untracked 
| 115|0x000000061d800000, 0x000000061d800000, 0x000000061dc00000|  0%| F|  |TAMS 0x000000061d800000| PB 0x000000061d800000| Untracked 
| 116|0x000000061dc00000, 0x000000061dc00000, 0x000000061e000000|  0%| F|  |TAMS 0x000000061dc00000| PB 0x000000061dc00000| Untracked 
| 117|0x000000061e000000, 0x000000061e000000, 0x000000061e400000|  0%| F|  |TAMS 0x000000061e000000| PB 0x000000061e000000| Untracked 
| 118|0x000000061e400000, 0x000000061e400000, 0x000000061e800000|  0%| F|  |TAMS 0x000000061e400000| PB 0x000000061e400000| Untracked 
| 119|0x000000061e800000, 0x000000061e800000, 0x000000061ec00000|  0%| F|  |TAMS 0x000000061e800000| PB 0x000000061e800000| Untracked 
| 120|0x000000061ec00000, 0x000000061ec00000, 0x000000061f000000|  0%| F|  |TAMS 0x000000061ec00000| PB 0x000000061ec00000| Untracked 
| 121|0x000000061f000000, 0x000000061f000000, 0x000000061f400000|  0%| F|  |TAMS 0x000000061f000000| PB 0x000000061f000000| Untracked 
| 122|0x000000061f400000, 0x000000061f400000, 0x000000061f800000|  0%| F|  |TAMS 0x000000061f400000| PB 0x000000061f400000| Untracked 
| 123|0x000000061f800000, 0x000000061f800000, 0x000000061fc00000|  0%| F|  |TAMS 0x000000061f800000| PB 0x000000061f800000| Untracked 
| 124|0x000000061fc00000, 0x000000061fc00000, 0x0000000620000000|  0%| F|  |TAMS 0x000000061fc00000| PB 0x000000061fc00000| Untracked 
| 125|0x0000000620000000, 0x0000000620000000, 0x0000000620400000|  0%| F|  |TAMS 0x0000000620000000| PB 0x0000000620000000| Untracked 
| 126|0x0000000620400000, 0x0000000620400000, 0x0000000620800000|  0%| F|  |TAMS 0x0000000620400000| PB 0x0000000620400000| Untracked 
| 127|0x0000000620800000, 0x0000000620b5c590, 0x0000000620c00000| 84%| E|  |TAMS 0x0000000620800000| PB 0x0000000620800000| Complete 

Card table byte_map: [0x000001fee5c90000,0x000001fee6c90000] _byte_map_base: 0x000001fee2c8a000

Marking Bits: (CMBitMap*) 0x000001fecce8f560
 Bits: [0x000001fee7c90000, 0x000001feefc60000)

Polling page: 0x000001fecaa30000

Metaspace:

Usage:
  Non-class:    295.21 KB used.
      Class:     20.98 KB used.
       Both:    316.19 KB used.

Virtual space:
  Non-class space:       64.00 MB reserved,     384.00 KB ( <1%) committed,  1 nodes.
      Class space:        1.00 GB reserved,     128.00 KB ( <1%) committed,  1 nodes.
             Both:        1.06 GB reserved,     512.00 KB ( <1%) committed. 

Chunk freelists:
   Non-Class:  4.00 MB
       Class:  3.75 MB
        Both:  7.74 MB

MaxMetaspaceSize: unlimited
CompressedClassSpaceSize: 1.00 GB
Initial GC threshold: 21.00 MB
Current GC threshold: 21.00 MB
CDS: on
MetaspaceReclaimPolicy: balanced
 - commit_granule_bytes: 65536.
 - commit_granule_words: 8192.
 - virtual_space_node_default_size: 8388608.
 - enlarge_chunks_in_place: 1.
 - new_chunks_are_fully_committed: 0.
 - uncommit_free_chunks: 1.
 - use_allocation_guard: 0.


Internal statistics:

num_allocs_failed_limit: 0.
num_arena_births: 6.
num_arena_deaths: 0.
num_vsnodes_births: 2.
num_vsnodes_deaths: 0.
num_space_committed: 8.
num_space_uncommitted: 0.
num_chunks_returned_to_freelist: 0.
num_chunks_taken_from_freelist: 7.
num_chunk_merges: 0.
num_chunk_splits: 4.
num_chunks_enlarged: 2.
num_inconsistent_stats: 0.

CodeHeap 'non-profiled nmethods': size=119168Kb used=68Kb max_used=68Kb free=119099Kb
 bounds [0x000001fedca60000, 0x000001fedccd0000, 0x000001fee3ec0000]
CodeHeap 'profiled nmethods': size=119104Kb used=198Kb max_used=198Kb free=118906Kb
 bounds [0x000001fed4ec0000, 0x000001fed5130000, 0x000001fedc310000]
CodeHeap 'non-nmethods': size=7488Kb used=2444Kb max_used=2460Kb free=5044Kb
 bounds [0x000001fedc310000, 0x000001fedc580000, 0x000001fedca60000]
 total_blobs=577 nmethods=200 adapters=286
 compilation: enabled
              stopped_count=0, restarted_count=0
 full_count=0

Compilation events (20 events):
Event: 0.043 Thread 0x000001fef3428590  190       3       java.util.Optional::ofNullable (19 bytes)
Event: 0.043 Thread 0x000001fef3428b20  191       1       java.lang.module.ModuleDescriptor$Version::toString (5 bytes)
Event: 0.043 Thread 0x000001fef3428b20 nmethod 191 0x000001fedca6e110 code [0x000001fedca6e280, 0x000001fedca6e350]
Event: 0.043 Thread 0x000001fef3428590 nmethod 190 0x000001fed4eeff90 code [0x000001fed4ef0120, 0x000001fed4ef03e8]
Event: 0.043 Thread 0x000001fef3428590  192       3       java.lang.module.ResolvedModule::name (11 bytes)
Event: 0.043 Thread 0x000001fef3428590 nmethod 192 0x000001fed4ef0510 code [0x000001fed4ef06a0, 0x000001fed4ef0810]
Event: 0.043 Thread 0x000001fef2295790  193       3       java.util.HashSet::<init> (16 bytes)
Event: 0.043 Thread 0x000001fef3428590  194       3       java.util.AbstractMap::<init> (5 bytes)
Event: 0.043 Thread 0x000001fef2295790 nmethod 193 0x000001fed4ef0910 code [0x000001fed4ef0ac0, 0x000001fed4ef0ed8]
Event: 0.043 Thread 0x000001fef3428590 nmethod 194 0x000001fed4ef1090 code [0x000001fed4ef1220, 0x000001fed4ef1388]
Event: 0.043 Thread 0x000001fef3428590  195       3       java.lang.Math::max (11 bytes)
Event: 0.043 Thread 0x000001fef3428590 nmethod 195 0x000001fed4ef1490 code [0x000001fed4ef1620, 0x000001fed4ef1760]
Event: 0.043 Thread 0x000001fef3428590  197       1       java.lang.module.ResolvedModule::configuration (5 bytes)
Event: 0.043 Thread 0x000001fef3428b20  198       1       java.lang.module.ModuleDescriptor::isOpen (5 bytes)
Event: 0.043 Thread 0x000001fef3428590 nmethod 197 0x000001fedca6e810 code [0x000001fedca6e980, 0x000001fedca6ea50]
Event: 0.043 Thread 0x000001fef3428b20 nmethod 198 0x000001fedca6eb10 code [0x000001fedca6ec80, 0x000001fedca6ed50]
Event: 0.044 Thread 0x000001fef3428b20  199       1       java.util.HashMap::size (5 bytes)
Event: 0.044 Thread 0x000001fef3428b20 nmethod 199 0x000001fedca6ee10 code [0x000001fedca6ef80, 0x000001fedca6f048]
Event: 0.044 Thread 0x000001fef3428590  200       1       java.lang.module.ModuleDescriptor$Provides::service (5 bytes)
Event: 0.044 Thread 0x000001fef3428590 nmethod 200 0x000001fedca6f110 code [0x000001fedca6f280, 0x000001fedca6f350]

GC Heap History (0 events):
No events

Dll operation events (4 events):
Event: 0.003 Loaded shared library F:\Java JDK\bin\java.dll
Event: 0.013 Loaded shared library F:\Java JDK\bin\jsvml.dll
Event: 0.035 Loaded shared library F:\Java JDK\bin\net.dll
Event: 0.036 Loaded shared library F:\Java JDK\bin\nio.dll

Deoptimization events (0 events):
No events

Classes loaded (20 events):
Event: 0.037 Loading class java/nio/file/DirectoryStream done
Event: 0.037 Loading class sun/nio/fs/WindowsDirectoryStream done
Event: 0.037 Loading class sun/nio/fs/WindowsDirectoryStream$WindowsDirectoryIterator
Event: 0.037 Loading class sun/nio/fs/WindowsDirectoryStream$WindowsDirectoryIterator done
Event: 0.037 Loading class sun/nio/fs/WindowsPath$WindowsPathWithAttributes
Event: 0.037 Loading class sun/nio/fs/BasicFileAttributesHolder
Event: 0.037 Loading class sun/nio/fs/BasicFileAttributesHolder done
Event: 0.037 Loading class sun/nio/fs/WindowsPath$WindowsPathWithAttributes done
Event: 0.037 Loading class java/nio/file/attribute/FileAttribute
Event: 0.037 Loading class java/nio/file/attribute/FileAttribute done
Event: 0.037 Loading class sun/nio/fs/WindowsSecurityDescriptor
Event: 0.037 Loading class sun/nio/fs/WindowsSecurityDescriptor done
Event: 0.037 Loading class sun/nio/fs/WindowsChannelFactory
Event: 0.037 Loading class sun/nio/fs/WindowsChannelFactory done
Event: 0.037 Loading class sun/nio/fs/WindowsChannelFactory$1
Event: 0.037 Loading class sun/nio/fs/WindowsChannelFactory$1 done
Event: 0.037 Loading class sun/nio/fs/WindowsChannelFactory$Flags
Event: 0.037 Loading class sun/nio/fs/WindowsChannelFactory$Flags done
Event: 0.039 Loading class jdk/internal/module/ModuleReferenceImpl$CachedHash
Event: 0.039 Loading class jdk/internal/module/ModuleReferenceImpl$CachedHash done

Classes unloaded (0 events):
No events

Classes redefined (0 events):
No events

Internal exceptions (14 events):
Event: 0.036 Thread 0x000001feccdd6d30 Exception <a 'sun/nio/fs/WindowsException'{0x0000000620a2a510}> (0x0000000620a2a510) 
thrown [s\open\src\hotspot\share\prims\jni.cpp, line 519]
Event: 0.037 Thread 0x000001feccdd6d30 Exception <a 'sun/nio/fs/WindowsException'{0x0000000620a2d0b8}> (0x0000000620a2d0b8) 
thrown [s\open\src\hotspot\share\prims\jni.cpp, line 519]
Event: 0.037 Thread 0x000001feccdd6d30 Exception <a 'sun/nio/fs/WindowsException'{0x0000000620a2de00}> (0x0000000620a2de00) 
thrown [s\open\src\hotspot\share\prims\jni.cpp, line 519]
Event: 0.037 Thread 0x000001feccdd6d30 Exception <a 'sun/nio/fs/WindowsException'{0x0000000620a2eb40}> (0x0000000620a2eb40) 
thrown [s\open\src\hotspot\share\prims\jni.cpp, line 519]
Event: 0.038 Thread 0x000001feccdd6d30 Exception <a 'sun/nio/fs/WindowsException'{0x0000000620a2f878}> (0x0000000620a2f878) 
thrown [s\open\src\hotspot\share\prims\jni.cpp, line 519]
Event: 0.038 Thread 0x000001feccdd6d30 Exception <a 'sun/nio/fs/WindowsException'{0x0000000620a305b0}> (0x0000000620a305b0) 
thrown [s\open\src\hotspot\share\prims\jni.cpp, line 519]
Event: 0.038 Thread 0x000001feccdd6d30 Exception <a 'sun/nio/fs/WindowsException'{0x0000000620a312e8}> (0x0000000620a312e8) 
thrown [s\open\src\hotspot\share\prims\jni.cpp, line 519]
Event: 0.038 Thread 0x000001feccdd6d30 Exception <a 'sun/nio/fs/WindowsException'{0x0000000620a32020}> (0x0000000620a32020) 
thrown [s\open\src\hotspot\share\prims\jni.cpp, line 519]
Event: 0.038 Thread 0x000001feccdd6d30 Exception <a 'sun/nio/fs/WindowsException'{0x0000000620a32d68}> (0x0000000620a32d68) 
thrown [s\open\src\hotspot\share\prims\jni.cpp, line 519]
Event: 0.038 Thread 0x000001feccdd6d30 Exception <a 'sun/nio/fs/WindowsException'{0x0000000620a33ab8}> (0x0000000620a33ab8) 
thrown [s\open\src\hotspot\share\prims\jni.cpp, line 519]
Event: 0.038 Thread 0x000001feccdd6d30 Exception <a 'sun/nio/fs/WindowsException'{0x0000000620a34800}> (0x0000000620a34800) 
thrown [s\open\src\hotspot\share\prims\jni.cpp, line 519]
Event: 0.038 Thread 0x000001feccdd6d30 Exception <a 'sun/nio/fs/WindowsException'{0x0000000620a35540}> (0x0000000620a35540) 
thrown [s\open\src\hotspot\share\prims\jni.cpp, line 519]
Event: 0.038 Thread 0x000001feccdd6d30 Exception <a 'sun/nio/fs/WindowsException'{0x0000000620a36278}> (0x0000000620a36278) 
thrown [s\open\src\hotspot\share\prims\jni.cpp, line 519]
Event: 0.038 Thread 0x000001feccdd6d30 Exception <a 'sun/nio/fs/WindowsException'{0x0000000620a36fb8}> (0x0000000620a36fb8) 
thrown [s\open\src\hotspot\share\prims\jni.cpp, line 519]

VM Operations (2 events):
Event: 0.039 Executing VM operation: HandshakeAllThreads
Event: 0.039 Executing VM operation: HandshakeAllThreads done

Events (13 events):
Event: 0.014 Thread 0x000001feccdd6d30 Thread added: 0x000001feccdd6d30
Event: 0.019 Thread 0x000001fef227f480 Thread added: 0x000001fef227f480
Event: 0.020 Thread 0x000001fef2280280 Thread added: 0x000001fef2280280
Event: 0.020 Thread 0x000001fef2282b60 Thread added: 0x000001fef2282b60
Event: 0.020 Thread 0x000001fef2288fa0 Thread added: 0x000001fef2288fa0
Event: 0.020 Thread 0x000001fef22898e0 Thread added: 0x000001fef22898e0
Event: 0.020 Thread 0x000001fef22870c0 Thread added: 0x000001fef22870c0
Event: 0.020 Thread 0x000001fef228c5f0 Thread added: 0x000001fef228c5f0
Event: 0.020 Thread 0x000001fef2295790 Thread added: 0x000001fef2295790
Event: 0.029 Thread 0x000001fef3418990 Thread added: 0x000001fef3418990
Event: 0.033 Thread 0x000001fef3428590 Thread added: 0x000001fef3428590
Event: 0.033 Thread 0x000001fef3428b20 Thread added: 0x000001fef3428b20
Event: 0.044 Thread 0x000001fef34cb2f0 Thread added: 0x000001fef34cb2f0


Dynamic libraries:
0x00007ff6bf180000 - 0x00007ff6bf190000 	F:\Java JDK\bin\java.exe
0x00007ffd1f390000 - 0x00007ffd1f587000 	C:\Windows\SYSTEM32\ntdll.dll
0x00007ffd1f250000 - 0x00007ffd1f30d000 	C:\Windows\System32\KERNEL32.DLL
0x00007ffd1cda0000 - 0x00007ffd1d096000 	C:\Windows\System32\KERNELBASE.dll
0x00007ffd1cca0000 - 0x00007ffd1cda0000 	C:\Windows\System32\ucrtbase.dll
0x00007ffd186c0000 - 0x00007ffd186db000 	F:\Java JDK\bin\VCRUNTIME140.dll
0x00007ffd0b200000 - 0x00007ffd0b219000 	F:\Java JDK\bin\jli.dll
0x00007ffd1f1a0000 - 0x00007ffd1f24e000 	C:\Windows\System32\ADVAPI32.dll
0x00007ffd1ebc0000 - 0x00007ffd1ec5e000 	C:\Windows\System32\msvcrt.dll
0x00007ffd1d640000 - 0x00007ffd1d6dc000 	C:\Windows\System32\sechost.dll
0x00007ffd1dd70000 - 0x00007ffd1de96000 	C:\Windows\System32\RPCRT4.dll
0x00007ffd1d3f0000 - 0x00007ffd1d58e000 	C:\Windows\System32\USER32.dll
0x00007ffd1ca70000 - 0x00007ffd1ca92000 	C:\Windows\System32\win32u.dll
0x00007ffd00180000 - 0x00007ffd0041a000 	C:\Windows\WinSxS\amd64_microsoft.windows.common-controls_6595b64144ccf1df_6.0.19041.3570_none_60bb2a3971f3e41a\COMCTL32.dll
0x00007ffd1f310000 - 0x00007ffd1f33c000 	C:\Windows\System32\GDI32.dll
0x00007ffd1caa0000 - 0x00007ffd1cbba000 	C:\Windows\System32\gdi32full.dll
0x00007ffd1d1a0000 - 0x00007ffd1d23d000 	C:\Windows\System32\msvcp_win.dll
0x00007ffd13c00000 - 0x00007ffd13c0a000 	C:\Windows\SYSTEM32\VERSION.dll
0x00007ffd1ead0000 - 0x00007ffd1eb00000 	C:\Windows\System32\IMM32.DLL
0x00007ffd0b080000 - 0x00007ffd0b08c000 	F:\Java JDK\bin\vcruntime140_1.dll
0x00007ffcf39e0000 - 0x00007ffcf3a6e000 	F:\Java JDK\bin\msvcp140.dll
0x00007ffcd5fc0000 - 0x00007ffcd6c58000 	F:\Java JDK\bin\server\jvm.dll
0x00007ffd0f8f0000 - 0x00007ffd0f917000 	C:\Windows\SYSTEM32\WINMM.dll
0x00007ffd15db0000 - 0x00007ffd15db9000 	C:\Windows\SYSTEM32\WSOCK32.dll
0x00007ffd1e800000 - 0x00007ffd1e86b000 	C:\Windows\System32\WS2_32.dll
0x00007ffd1b2c0000 - 0x00007ffd1b2d2000 	C:\Windows\SYSTEM32\kernel.appcore.dll
0x00007ffd0b060000 - 0x00007ffd0b06a000 	F:\Java JDK\bin\jimage.dll
0x00007ffd1a5f0000 - 0x00007ffd1a7d4000 	C:\Windows\SYSTEM32\DBGHELP.DLL
0x00007ffd13020000 - 0x00007ffd13054000 	C:\Windows\SYSTEM32\dbgcore.DLL
0x00007ffd1d110000 - 0x00007ffd1d192000 	C:\Windows\System32\bcryptPrimitives.dll
0x00007ffcfcdb0000 - 0x00007ffcfcdd6000 	F:\Java JDK\bin\java.dll
0x00007ffce1ed0000 - 0x00007ffce1fa7000 	F:\Java JDK\bin\jsvml.dll
0x00007ffd1dfd0000 - 0x00007ffd1e714000 	C:\Windows\System32\SHELL32.dll
0x00007ffd1a7e0000 - 0x00007ffd1af7b000 	C:\Windows\SYSTEM32\windows.storage.dll
0x00007ffd1d860000 - 0x00007ffd1dbb4000 	C:\Windows\System32\combase.dll
0x00007ffd1c4b0000 - 0x00007ffd1c4dd000 	C:\Windows\SYSTEM32\Wldp.dll
0x00007ffd1e8d0000 - 0x00007ffd1e97d000 	C:\Windows\System32\SHCORE.dll
0x00007ffd1e990000 - 0x00007ffd1e9e5000 	C:\Windows\System32\shlwapi.dll
0x00007ffd1c9a0000 - 0x00007ffd1c9c5000 	C:\Windows\SYSTEM32\profapi.dll
0x00007ffcfce30000 - 0x00007ffcfce43000 	F:\Java JDK\bin\net.dll
0x00007ffd14f60000 - 0x00007ffd1506a000 	C:\Windows\SYSTEM32\WINHTTP.dll
0x00007ffd1c210000 - 0x00007ffd1c27a000 	C:\Windows\system32\mswsock.dll
0x00007ffcfcd90000 - 0x00007ffcfcda6000 	F:\Java JDK\bin\nio.dll

dbghelp: loaded successfully - version: 4.0.5 - missing functions: none
symbol engine: initialized successfully - sym options: 0x614 - pdb path: .;F:\Java JDK\bin;C:\Windows\SYSTEM32;C:\Windows\WinSxS\amd64_microsoft.windows.common-controls_6595b64144ccf1df_6.0.19041.3570_none_60bb2a3971f3e41a;F:\Java JDK\bin\server

VM Arguments:
jvm_args: -Dfile.encoding=UTF-8 --module-path=G:\Rizzler_Underground-main\Rizzler_Underground-main\rizzler_underground\rizzler_underground\gibbysblanket-main\build\classes 
java_command: main.main_class
java_class_path (initial): G:\Rizzler_Underground-main\Rizzler_Underground-main\rizzler_underground\rizzler_underground\gibbysblanket-main\build\classes
Launcher Type: SUN_STANDARD

[Global flags]
     intx CICompilerCount                          = 12                                        {product} {ergonomic}
     uint ConcGCThreads                            = 5                                         {product} {ergonomic}
     uint G1ConcRefinementThreads                  = 18                                        {product} {ergonomic}
   size_t G1HeapRegionSize                         = 4194304                                   {product} {ergonomic}
    uintx GCDrainStackTargetSize                   = 64                                        {product} {ergonomic}
   size_t InitialHeapSize                          = 536870912                                 {product} {ergonomic}
   size_t MarkStackSize                            = 4194304                                   {product} {ergonomic}
   size_t MaxHeapSize                              = 8577351680                                {product} {ergonomic}
   size_t MaxNewSize                               = 5146411008                                {product} {ergonomic}
   size_t MinHeapDeltaBytes                        = 4194304                                   {product} {ergonomic}
   size_t MinHeapSize                              = 8388608                                   {product} {ergonomic}
    uintx NonNMethodCodeHeapSize                   = 7602480                                {pd product} {ergonomic}
    uintx NonProfiledCodeHeapSize                  = 122027880                              {pd product} {ergonomic}
    uintx ProfiledCodeHeapSize                     = 122027880                              {pd product} {ergonomic}
    uintx ReservedCodeCacheSize                    = 251658240                              {pd product} {ergonomic}
     bool SegmentedCodeCache                       = true                                      {product} {ergonomic}
   size_t SoftMaxHeapSize                          = 8577351680                             {manageable} {ergonomic}
     bool UseCompressedClassPointers               = true                           {product lp64_product} {ergonomic}
     bool UseCompressedOops                        = true                           {product lp64_product} {ergonomic}
     bool UseG1GC                                  = true                                      {product} {ergonomic}
     bool UseLargePagesIndividualAllocation        = false                                  {pd product} {ergonomic}

Logging:
Log output configuration:
 #0: stdout all=warning uptime,level,tags foldmultilines=false
 #1: stderr all=off uptime,level,tags foldmultilines=false

Environment Variables:
PATH=C:\Program Files\Common Files\Oracle\Java\javapath;C:\Windows\system32;C:\Windows;C:\Windows\System32\Wbem;C:\Windows\System32\WindowsPowerShell\v1.0\;C:\Windows\System32\OpenSSH\;C:\Program Files\Git\cmd;C:\Users\Gibby\AppData\Local\Programs\Python\Python310\Scripts\;C:\Users\Gibby\AppData\Local\Programs\Python\Python310\;C:\Users\Gibby\AppData\Local\Microsoft\WindowsApps;C:\Users\Gibby\AppData\Local\GitHubDesktop\bin
USERNAME=Gibby
OS=Windows_NT
PROCESSOR_IDENTIFIER=AMD64 Family 25 Model 33 Stepping 0, AuthenticAMD
TMP=C:\Users\Gibby\AppData\Local\Temp
TEMP=C:\Users\Gibby\AppData\Local\Temp




---------------  S Y S T E M  ---------------

OS:
 Windows 10 , 64 bit Build 19041 (10.0.19041.3570)
OS uptime: 7 days 13:08 hours

CPU: total 24 (initial active 24) (24 cores per cpu, 2 threads per core) family 25 model 33 stepping 0 microcode 0x0, cx8, cmov, fxsr, ht, mmx, 3dnowpref, sse, sse2, sse3, ssse3, sse4a, sse4.1, sse4.2, popcnt, lzcnt, tsc, tscinvbit, avx, avx2, aes, erms, clmul, bmi1, bmi2, adx, sha, fma, vzeroupper, clflush, clflushopt, rdtscp, rdpid, fsrm, f16c, pku, cet_ss

Memory: 4k page, system-wide physical 32708M (21036M free)
TotalPageFile size 38974M (AvailPageFile size 23680M)
current process WorkingSet (physical memory assigned to process): 37M, peak: 37M
current process commit charge ("private bytes"): 624M, peak: 624M

vm_info: Java HotSpot(TM) 64-Bit Server VM (20.0.2+9-78) for windows-amd64 JRE (20.0.2+9-78), built on 2023-06-14T10:08:48Z by "mach5one" with MS VC++ 17.1 (VS2022)

END.
