#
# A fatal error has been detected by the Java Runtime Environment:
#
#  EXCEPTION_ACCESS_VIOLATION (0xc0000005) at pc=0x00007ffd1235615a, pid=29292, tid=23488
#
# JRE version:  (20.0.2+9) (build )
# Java VM: Java HotSpot(TM) 64-Bit Server VM (20.0.2+9-78, mixed mode, sharing, tiered, compressed oops, compressed class ptrs, g1 gc, windows-amd64)
# Problematic frame:
# V  [jvm.dll+0x7b615a]
#
# No core dump will be written. Minidumps are not enabled by default on client versions of Windows
#
#

---------------  S U M M A R Y ------------

Command Line: -Dapplication.home=F:\Java JDK --add-modules=ALL-DEFAULT -Xms8m -Djdk.module.main=jdk.compiler jdk.compiler/com.sun.tools.javac.Main -d G:\Rizzler_Underground-main\Rizzler_Underground-main\rizzler_underground\rizzler_underground\gibbysblanket-main\build\classes -classpath G:\Rizzler_Underground-main\Rizzler_Underground-main\rizzler_underground\rizzler_underground\gibbysblanket-main\build\classes -sourcepath G:\Rizzler_Underground-main\Rizzler_Underground-main\rizzler_underground\rizzler_underground\gibbysblanket-main\build\empty -target 14 -encoding UTF-8 -g -processorpath G:\Rizzler_Underground-main\Rizzler_Underground-main\rizzler_underground\rizzler_underground\gibbysblanket-main\build\empty -s G:\Rizzler_Underground-main\Rizzler_Underground-main\rizzler_underground\rizzler_underground\gibbysblanket-main\build\generated-sources\ap-source-output -source 14 G:\Rizzler_Underground-main\Rizzler_Underground-main\rizzler_underground\rizzler_underground\gibbysblanket-main\src\enemy\MOB_GreenSlime.java G:\Rizzler_Underground-main\Rizzler_Underground-main\rizzler_underground\rizzler_underground\gibbysblanket-main\src\entity\NPC_CoolDog.java G:\Rizzler_Underground-main\Rizzler_Underground-main\rizzler_underground\rizzler_underground\gibbysblanket-main\src\entity\NPC_Lily.java G:\Rizzler_Underground-main\Rizzler_Underground-main\rizzler_underground\rizzler_underground\gibbysblanket-main\src\entity\PRO_Shirt.java G:\Rizzler_Underground-main\Rizzler_Underground-main\rizzler_underground\rizzler_underground\gibbysblanket-main\src\entity\entity.java G:\Rizzler_Underground-main\Rizzler_Underground-main\rizzler_underground\rizzler_underground\gibbysblanket-main\src\entity\player.java G:\Rizzler_Underground-main\Rizzler_Underground-main\rizzler_underground\rizzler_underground\gibbysblanket-main\src\main\AssetSetter.java G:\Rizzler_Underground-main\Rizzler_Underground-main\rizzler_underground\rizzler_underground\gibbysblanket-main\src\main\CollisionChecker.java G:\Rizzler_Underground-main\Rizzler_Underground-main\rizzler_underground\rizzler_underground\gibbysblanket-main\src\main\EventHandler.java G:\Rizzler_Underground-main\Rizzler_Underground-main\rizzler_underground\rizzler_underground\gibbysblanket-main\src\main\EventRect.java G:\Rizzler_Underground-main\Rizzler_Underground-main\rizzler_underground\rizzler_underground\gibbysblanket-main\src\main\Sound.java G:\Rizzler_Underground-main\Rizzler_Underground-main\rizzler_underground\rizzler_underground\gibbysblanket-main\src\main\UtilityTool.java G:\Rizzler_Underground-main\Rizzler_Underground-main\rizzler_underground\rizzler_underground\gibbysblanket-main\src\main\game_panel.java G:\Rizzler_Underground-main\Rizzler_Underground-main\rizzler_underground\rizzler_underground\gibbysblanket-main\src\main\keyboard_input.java G:\Rizzler_Underground-main\Rizzler_Underground-main\rizzler_underground\rizzler_underground\gibbysblanket-main\src\main\main_class.java G:\Rizzler_Underground-main\Rizzler_Underground-main\rizzler_underground\rizzler_underground\gibbysblanket-main\src\main\user_interface.java G:\Rizzler_Underground-main\Rizzler_Underground-main\rizzler_underground\rizzler_underground\gibbysblanket-main\src\object\OBJ_Bone.java G:\Rizzler_Underground-main\Rizzler_Underground-main\rizzler_underground\rizzler_underground\gibbysblanket-main\src\object\OBJ_Door.java G:\Rizzler_Underground-main\Rizzler_Underground-main\rizzler_underground\rizzler_underground\gibbysblanket-main\src\object\OBJ_Key.java G:\Rizzler_Underground-main\Rizzler_Underground-main\rizzler_underground\rizzler_underground\gibbysblanket-main\src\object\SuperObject.java G:\Rizzler_Underground-main\Rizzler_Underground-main\rizzler_underground\rizzler_underground\gibbysblanket-main\src\tile\Tile.java G:\Rizzler_Underground-main\Rizzler_Underground-main\rizzler_underground\rizzler_underground\gibbysblanket-main\src\tile\Tile_Manager.java

Host: AMD Ryzen 9 5900X 12-Core Processor            , 24 cores, 31G,  Windows 10 , 64 bit Build 19041 (10.0.19041.3570)
Time: Wed Oct 25 09:34:06 2023 Central Daylight Time elapsed time: 0.347340 seconds (0d 0h 0m 0s)

---------------  T H R E A D  ---------------

Current thread (0x0000022b85812170):  JavaThread "main" [_thread_in_vm, id=23488, stack(0x000000594b900000,0x000000594ba00000)]

Stack: [0x000000594b900000,0x000000594ba00000],  sp=0x000000594b9fdb50,  free space=1014k
Native frames: (J=compiled Java code, j=interpreted, Vv=VM code, C=native code)
V  [jvm.dll+0x7b615a]
V  [jvm.dll+0x5c03fe]
V  [jvm.dll+0x5c08a8]
V  [jvm.dll+0x3dc0bc]
V  [jvm.dll+0x3dbb52]
C  0x0000022b94d6ca1c

Java frames: (J=compiled Java code, j=interpreted, Vv=VM code)
j  jdk.internal.misc.InternalLock.<clinit>()V+34 java.base
v  ~StubRoutines::call_stub 0x0000022b94d4100d
j  java.io.BufferedInputStream.<init>(Ljava/io/InputStream;I)V+41 java.base
j  java.io.BufferedInputStream.<init>(Ljava/io/InputStream;)V+5 java.base
j  java.lang.System.initPhase1()V+125 java.base
v  ~StubRoutines::call_stub 0x0000022b94d4100d

siginfo: EXCEPTION_ACCESS_VIOLATION (0xc0000005), reading address 0x0000000000060012


Registers:
RAX=0x0000000000000000, RBX=0x0000022bac4817e8, RCX=0x000000000006000e, RDX=0x000000000006000e
RSP=0x000000594b9fdb50, RBP=0x0000022b85812170, RSI=0x0000022b858126c0, RDI=0x0000022b834795e0
R8 =0x0000022bac486680, R9 =0x000000594b9fdde0, R10=0x0000022b85811720, R11=0x000000594b9fdaf0
R12=0x00000000000003d8, R13=0x000000000006000e, R14=0x0000022b858126d0, R15=0x0000022b85812aa8
RIP=0x00007ffd1235615a, EFLAGS=0x0000000000010206


Register to memory mapping:

RIP=0x00007ffd1235615a jvm.dll
RAX=0x0 is NULL
RBX=0x0000022bac4817e8 is pointing into metadata
RCX=0x000000000006000e is an unknown value
RDX=0x000000000006000e is an unknown value
RSP=0x000000594b9fdb50 is pointing into the stack for thread: 0x0000022b85812170
RBP=0x0000022b85812170 is a thread
RSI=0x0000022b858126c0 points into unknown readable memory: 0x0000000000000000 | 00 00 00 00 00 00 00 00
RDI=0x0000022b834795e0 points into unknown readable memory: 0x0072006f00740002 | 02 00 74 00 6f 00 72 00
R8 =0x0000022bac486680 is pointing into metadata
R9 =0x000000594b9fdde0 is pointing into the stack for thread: 0x0000022b85812170
R10=0x0000022b85811720 points into unknown readable memory: 0x0000001e00000008 | 08 00 00 00 1e 00 00 00
R11=0x000000594b9fdaf0 is pointing into the stack for thread: 0x0000022b85812170
R12=0x00000000000003d8 is an unknown value
R13=0x000000000006000e is an unknown value
R14=0x0000022b858126d0 points into unknown readable memory: 0x002e006b0064006a | 6a 00 64 00 6b 00 2e 00
R15=0x0000022b85812aa8 points into unknown readable memory: 0x08046de826b2bb65 | 65 bb b2 26 e8 6d 04 08


Top of Stack: (sp=0x000000594b9fdb50)
0x000000594b9fdb50:   0000022bac111bd8 000000000006000e
0x000000594b9fdb60:   0000022bac486680 000000594b9fdde0
0x000000594b9fdb70:   0000022b834795e0 00007ffd121603fe
0x000000594b9fdb80:   0000022bac4817e8 0000022b85812170
0x000000594b9fdb90:   00000000000000b3 00007ffd122ef740
0x000000594b9fdba0:   0000022b85812af0 0000000000000000
0x000000594b9fdbb0:   000000594b9fdc40 00007ffd11de7395
0x000000594b9fdbc0:   000000594b010101 000000594b9fdca0
0x000000594b9fdbd0:   0000000000000000 0000000000000000
0x000000594b9fdbe0:   0000022bac486680 00007ffd11f42202
0x000000594b9fdbf0:   0000000000000000 0000022b85811720
0x000000594b9fdc00:   0000c35b761bda79 00007ffd11fc2a75
0x000000594b9fdc10:   0000022bac01b7f8 00007ffd121625c1
0x000000594b9fdc20:   0000022b85812170 0000022b85812170
0x000000594b9fdc30:   0000022bac002be8 00007ffd11e107ec
0x000000594b9fdc40:   0000022bac01b7f8 0000022b85812170
0x000000594b9fdc50:   000000594b9fe350 0000000000250024
0x000000594b9fdc60:   000000594b9fddf8 0000022bac79236a
0x000000594b9fdc70:   0000000000000000 0000000000000001
0x000000594b9fdc80:   0000022b85812170 00007ffd11e107ec
0x000000594b9fdc90:   000000594b9fde08 00007ffd11f42202
0x000000594b9fdca0:   0000022bac79234a 000000594b9fdd60
0x000000594b9fdcb0:   0000022bac791ef0 0000022b85812170
0x000000594b9fdcc0:   0000c35b761bc919 00007ffd1215e391
0x000000594b9fdcd0:   0000022bac79236a 0000022b85812101
0x000000594b9fdce0:   0000000000000000 0000000000000001
0x000000594b9fdcf0:   00000000000000b3 000000594b9fde59
0x000000594b9fdd00:   0000022b85812170 00007ffd121608a8
0x000000594b9fdd10:   0000022b85812170 000000594b9fde59
0x000000594b9fdd20:   000000594b9fdde0 00007ffd123b9187
0x000000594b9fdd30:   0000022b85812170 000000594b9fde70
0x000000594b9fdd40:   000000000006000e 0000022bac486680 

Instructions: (pc=0x00007ffd1235615a)
0x00007ffd1235605a:   48 8b f8 48 85 db 74 08 48 8b cb e8 66 6e ed ff
0x00007ffd1235606a:   48 8b 5c 24 30 48 8b c7 48 83 c4 20 5f c3 8d 42
0x00007ffd1235607a:   06 83 ff 02 b9 08 00 00 00 b2 0b 0f 4e c1 45 33
0x00007ffd1235608a:   c0 48 63 c8 48 83 c1 07 83 e1 f8 48 63 c9 48 83
0x00007ffd1235609a:   c4 20 5f e9 4e 6d 90 ff cc cc cc cc cc cc cc cc
0x00007ffd123560aa:   cc cc cc cc cc cc 83 fa 02 8d 42 06 b9 08 00 00
0x00007ffd123560ba:   00 4d 8b c8 0f 4e c1 48 63 c8 49 8b 40 18 48 83
0x00007ffd123560ca:   c1 07 83 e1 f8 48 63 d1 49 8b 48 20 48 2b c8 48
0x00007ffd123560da:   3b ca 72 09 48 8d 0c 10 49 89 48 18 c3 45 33 c0
0x00007ffd123560ea:   49 8b c9 e9 9e cc 90 ff cc cc cc cc cc cc cc cc
0x00007ffd123560fa:   cc cc cc cc cc cc 4c 8b d2 4c 8b d9 45 85 c0 7e
0x00007ffd1235610a:   3c 44 0f b7 49 04 41 8d 40 ff 41 3b c1 44 0f 4c
0x00007ffd1235611a:   c8 4d 63 c1 45 85 c9 7e 1f 48 8b c2 4c 2b da 49
0x00007ffd1235612a:   8b d0 0f 1f 40 00 41 0f b6 4c 03 06 88 08 48 8d
0x00007ffd1235613a:   40 01 48 83 ea 01 75 ee 43 c6 04 10 00 49 8b c2
0x00007ffd1235614a:   c3 cc cc cc cc cc 48 89 5c 24 08 57 48 83 ec 20
0x00007ffd1235615a:   0f b7 59 04 48 8b f9 33 d2 48 8d 4b 01 e8 44 ae
0x00007ffd1235616a:   f5 ff 0f b7 57 04 4c 8b c0 3b da 0f 42 d3 44 8b
0x00007ffd1235617a:   ca 85 d2 74 39 48 2b f8 0f 1f 40 00 66 66 0f 1f
0x00007ffd1235618a:   84 00 00 00 00 00 0f b6 4c 07 06 88 08 48 ff c0
0x00007ffd1235619a:   48 8b c8 49 2b c8 49 3b c9 7c eb 42 c6 04 02 00
0x00007ffd123561aa:   49 8b c0 48 8b 5c 24 30 48 83 c4 20 5f c3 48 8b
0x00007ffd123561ba:   5c 24 30 c6 04 02 00 48 83 c4 20 5f c3 cc cc cc
0x00007ffd123561ca:   cc cc cc cc cc cc 4c 8b d1 45 85 c0 7e 6c 44 0f
0x00007ffd123561da:   b7 49 04 41 8d 40 ff 41 3b c1 44 0f 4c c8 4d 63
0x00007ffd123561ea:   d9 45 85 c9 7e 22 48 8b ca 4c 2b d2 4d 8b c3 0f
0x00007ffd123561fa:   1f 80 00 00 00 00 41 0f b6 44 0a 06 88 01 48 8d
0x00007ffd1235620a:   49 01 49 83 e8 01 75 ee 41 c6 04 13 00 48 c7 c0
0x00007ffd1235621a:   ff ff ff ff 66 90 48 ff c0 80 3c 02 00 75 f7 48
0x00007ffd1235622a:   63 c8 85 c0 48 8b c2 7e 14 80 38 2f 75 03 c6 00
0x00007ffd1235623a:   2e 48 ff c0 48 83 e9 01 75 ef 48 8b c2 c3 cc cc
0x00007ffd1235624a:   cc cc cc cc cc cc 48 83 ec 28 e8 f7 fe ff ff 4c 


Stack slot to memory mapping:
stack at sp + 0 slots: 0x0000022bac111bd8 is a pointer to class: 
jdk.internal.misc.InternalLock {0x0000022bac111be0}
 - instance size:     2
 - klass size:        68
 - access:            public synchronized 
 - state:             being_initialized
 - name:              'jdk/internal/misc/InternalLock'
 - super:             'java/lang/Object'
 - sub:               
 - arrays:            NULL
 - methods:           Array<T>(0x0000022bac792268)
 - method ordering:   Array<T>(0x0000022bac792470)
 - default_methods:   Array<T>(0x0000000000000000)
 - local interfaces:  Array<T>(0x0000022bac610170)
 - trans. interfaces: Array<T>(0x0000022bac610170)
 - constants:         constant pool [69] {0x0000022bac791ef8} for 'jdk/internal/misc/InternalLock' cache=0x0000022bac111ea0
 - class loader data:  loader data: 0x0000022b8345e4a0 of 'bootstrap'
 - source file:       'InternalLock.java'
 - class annotations:       Array<T>(0x0000000000000000)
 - class type annotations:  Array<T>(0x0000000000000000)
 - field annotations:       Array<T>(0x0000000000000000)
 - field type annotations:  Array<T>(0x0000000000000000)
 - inner classes:     Array<T>(0x0000022bac6100f8)
 - nest members:     Array<T>(0x0000022bac6100f8)
 - permitted subclasses:     Array<T>(0x0000022bac6100f8)
 - java mirror:       a 'java/lang/Class'{0x000000060101eed0} = 'jdk/internal/misc/InternalLock'
 - vtable length      9  (start addr: 0x0000022bac111d98)
 - itable length      2 (start addr: 0x0000022bac111de0)
 - ---- static fields (1 words):
 - private static final 'CAN_USE_INTERNAL_LOCK' 'Z' @112 
 - ---- non-static fields (1 words):
 - private final 'lock' 'Ljava/util/concurrent/locks/ReentrantLock;' @12 
 - non-static oop maps: 12-12 
stack at sp + 1 slots: 0x000000000006000e is an unknown value
stack at sp + 2 slots: 0x0000022bac486680 is pointing into metadata
stack at sp + 3 slots: 0x000000594b9fdde0 is pointing into the stack for thread: 0x0000022b85812170
stack at sp + 4 slots: 0x0000022b834795e0 points into unknown readable memory: 0x0072006f00740002 | 02 00 74 00 6f 00 72 00
stack at sp + 5 slots: 0x00007ffd121603fe jvm.dll
stack at sp + 6 slots: 0x0000022bac4817e8 is pointing into metadata
stack at sp + 7 slots: 0x0000022b85812170 is a thread


---------------  P R O C E S S  ---------------

Threads class SMR info:
_java_thread_list=0x0000022baaa729e0, length=1, elements={
0x0000022b85812170
}

Java Threads: ( => current thread )
=>0x0000022b85812170 JavaThread "main" [_thread_in_vm, id=23488, stack(0x000000594b900000,0x000000594ba00000)]

Other Threads:
  0x0000022b85836e30 VMThread "VM Thread" [stack: 0x000000594bf00000,0x000000594c000000] [id=2808]
  0x0000022b85836b60 WorkerThread "GC Thread#0" [stack: 0x000000594ba00000,0x000000594bb00000] [id=12904]
  0x0000022b858d9960 ConcurrentGCThread "G1 Main Marker" [stack: 0x000000594bb00000,0x000000594bc00000] [id=3564]
  0x0000022b858365c0 WorkerThread "G1 Conc#0" [stack: 0x000000594bc00000,0x000000594bd00000] [id=21564]
  0x0000022b858deae0 ConcurrentGCThread "G1 Refine#0" [stack: 0x000000594bd00000,0x000000594be00000] [id=29596]
  0x0000022baa93ba80 ConcurrentGCThread "G1 Service" [stack: 0x000000594be00000,0x000000594bf00000] [id=11592]

Threads with active compile tasks:

VM state: not at safepoint (normal execution)

VM Mutex/Monitor currently owned by a thread: None

Heap address: 0x0000000600c00000, size: 8180 MB, Compressed Oops mode: Zero based, Oop shift amount: 3

CDS archive(s) mapped at: [0x0000022bac000000-0x0000022bacc60000-0x0000022bacc60000), size 12976128, SharedBaseAddress: 0x0000022bac000000, ArchiveRelocationMode: 1.
Compressed class space mapped at: 0x0000022bad000000-0x0000022bed000000, reserved size: 1073741824
Narrow klass base: 0x0000022bac000000, Narrow klass shift: 0, Narrow klass range: 0x100000000

GC Precious Log:
 CardTable entry size: 512
 Card Set container configuration: InlinePtr #cards 4 size 8 Array Of Cards #cards 32 size 80 Howl #buckets 8 coarsen threshold 7372 Howl Bitmap #cards 1024 size 144 coarsen threshold 921 Card regions per heap region 1 cards per card region 8192
 CPUs: 24 total, 24 available
 Memory: 32708M
 Large Page Support: Disabled
 NUMA Support: Disabled
 Compressed Oops: Enabled (Zero based)
 Heap Region Size: 4M
 Heap Min Capacity: 8M
 Heap Initial Capacity: 8M
 Heap Max Capacity: 8180M
 Pre-touch: Disabled
 Parallel Workers: 18
 Concurrent Workers: 5
 Concurrent Refinement Workers: 18
 Periodic GC: Disabled

Heap:
 garbage-first heap   total 8192K, used 0K [0x0000000600c00000, 0x0000000800000000)
  region size 4096K, 1 young (4096K), 0 survivors (0K)
 Metaspace       used 21K, committed 128K, reserved 1114112K
  class space    used 0K, committed 64K, reserved 1048576K

Heap Regions: E=young(eden), S=young(survivor), O=old, HS=humongous(starts), HC=humongous(continues), CS=collection set, F=free, OA=open archive, CA=closed archive, TAMS=top-at-mark-start, PB=parsable bottom
|   0|0x0000000600c00000, 0x0000000600c00000, 0x0000000601000000|  0%| F|  |TAMS 0x0000000600c00000| PB 0x0000000600c00000| Untracked 
|   1|0x0000000601000000, 0x0000000601028f88, 0x0000000601400000|  4%| E|  |TAMS 0x0000000601000000| PB 0x0000000601000000| Complete 

Card table byte_map: [0x0000022b9e6c0000,0x0000022b9f6c0000] _byte_map_base: 0x0000022b9b6ba000

Marking Bits: (CMBitMap*) 0x0000022b858c90f0
 Bits: [0x0000022ba06c0000, 0x0000022ba8690000)

Polling page: 0x0000022b83420000

Metaspace:

Usage:
  Non-class:     20.97 KB used.
      Class:    976 bytes used.
       Both:     21.92 KB used.

Virtual space:
  Non-class space:       64.00 MB reserved,      64.00 KB ( <1%) committed,  1 nodes.
      Class space:        1.00 GB reserved,      64.00 KB ( <1%) committed,  1 nodes.
             Both:        1.06 GB reserved,     128.00 KB ( <1%) committed. 

Chunk freelists:
   Non-Class:  0 bytes
       Class:  3.75 MB
        Both:  3.75 MB

MaxMetaspaceSize: unlimited
CompressedClassSpaceSize: 1.00 GB
Initial GC threshold: 21.00 MB
Current GC threshold: 17179869184.00 GB
CDS: on
MetaspaceReclaimPolicy: balanced
 - commit_granule_bytes: 65536.
 - commit_granule_words: 8192.
 - virtual_space_node_default_size: 8388608.
 - enlarge_chunks_in_place: 1.
 - new_chunks_are_fully_committed: 0.
 - uncommit_free_chunks: 1.
 - use_allocation_guard: 0.


Internal statistics:

num_allocs_failed_limit: 0.
num_arena_births: 2.
num_arena_deaths: 0.
num_vsnodes_births: 2.
num_vsnodes_deaths: 0.
num_space_committed: 2.
num_space_uncommitted: 0.
num_chunks_returned_to_freelist: 0.
num_chunks_taken_from_freelist: 3.
num_chunk_merges: 0.
num_chunk_splits: 1.
num_chunks_enlarged: 0.
num_inconsistent_stats: 0.

CodeHeap 'non-profiled nmethods': size=119168Kb used=0Kb max_used=0Kb free=119168Kb
 bounds [0x0000022b95490000, 0x0000022b95700000, 0x0000022b9c8f0000]
CodeHeap 'profiled nmethods': size=119104Kb used=0Kb max_used=0Kb free=119104Kb
 bounds [0x0000022b8d8f0000, 0x0000022b8db60000, 0x0000022b94d40000]
CodeHeap 'non-nmethods': size=7488Kb used=529Kb max_used=529Kb free=6958Kb
 bounds [0x0000022b94d40000, 0x0000022b94fb0000, 0x0000022b95490000]
 total_blobs=164 nmethods=0 adapters=135
 compilation: enabled
              stopped_count=0, restarted_count=0
 full_count=0

Compilation events (0 events):
No events

GC Heap History (0 events):
No events

Dll operation events (2 events):
Event: 0.037 Loaded shared library F:\Java JDK\bin\java.dll
Event: 0.061 Loaded shared library F:\Java JDK\bin\jsvml.dll

Deoptimization events (0 events):
No events

Classes loaded (0 events):
No events

Classes unloaded (0 events):
No events

Classes redefined (0 events):
No events

Internal exceptions (0 events):
No events

VM Operations (0 events):
No events

Events (1 events):
Event: 0.061 Thread 0x0000022b85812170 Thread added: 0x0000022b85812170


Dynamic libraries:
0x00007ff726680000 - 0x00007ff726688000 	F:\Java JDK\bin\javac.exe
0x00007ffd58190000 - 0x00007ffd58387000 	C:\Windows\SYSTEM32\ntdll.dll
0x00007ffd56ec0000 - 0x00007ffd56f7d000 	C:\Windows\System32\KERNEL32.DLL
0x00007ffd559a0000 - 0x00007ffd55c96000 	C:\Windows\System32\KERNELBASE.dll
0x00007ffd55eb0000 - 0x00007ffd55fb0000 	C:\Windows\System32\ucrtbase.dll
0x00007ffd4eb30000 - 0x00007ffd4eb4b000 	F:\Java JDK\bin\VCRUNTIME140.dll
0x00007ffd4fb80000 - 0x00007ffd4fb99000 	F:\Java JDK\bin\jli.dll
0x00007ffd57810000 - 0x00007ffd578be000 	C:\Windows\System32\ADVAPI32.dll
0x00007ffd57f80000 - 0x00007ffd5801e000 	C:\Windows\System32\msvcrt.dll
0x00007ffd578c0000 - 0x00007ffd5795c000 	C:\Windows\System32\sechost.dll
0x00007ffd58020000 - 0x00007ffd58146000 	C:\Windows\System32\RPCRT4.dll
0x00007ffd56340000 - 0x00007ffd564de000 	C:\Windows\System32\USER32.dll
0x00007ffd55970000 - 0x00007ffd55992000 	C:\Windows\System32\win32u.dll
0x00007ffd57ec0000 - 0x00007ffd57eec000 	C:\Windows\System32\GDI32.dll
0x00007ffd55d90000 - 0x00007ffd55eaa000 	C:\Windows\System32\gdi32full.dll
0x00007ffd40f90000 - 0x00007ffd4122a000 	C:\Windows\WinSxS\amd64_microsoft.windows.common-controls_6595b64144ccf1df_6.0.19041.3570_none_60bb2a3971f3e41a\COMCTL32.dll
0x00007ffd55ca0000 - 0x00007ffd55d3d000 	C:\Windows\System32\msvcp_win.dll
0x00007ffd4cd50000 - 0x00007ffd4cd5a000 	C:\Windows\SYSTEM32\VERSION.dll
0x00007ffd56780000 - 0x00007ffd567b0000 	C:\Windows\System32\IMM32.DLL
0x00007ffd50180000 - 0x00007ffd5018c000 	F:\Java JDK\bin\vcruntime140_1.dll
0x00007ffd3ce60000 - 0x00007ffd3ceee000 	F:\Java JDK\bin\msvcp140.dll
0x00007ffd11ba0000 - 0x00007ffd12838000 	F:\Java JDK\bin\server\jvm.dll
0x00007ffd4ab70000 - 0x00007ffd4ab97000 	C:\Windows\SYSTEM32\WINMM.dll
0x00007ffd50a60000 - 0x00007ffd50a69000 	C:\Windows\SYSTEM32\WSOCK32.dll
0x00007ffd57e40000 - 0x00007ffd57eab000 	C:\Windows\System32\WS2_32.dll
0x00007ffd540c0000 - 0x00007ffd540d2000 	C:\Windows\SYSTEM32\kernel.appcore.dll
0x00007ffd4fb70000 - 0x00007ffd4fb7a000 	F:\Java JDK\bin\jimage.dll
0x00007ffd53b90000 - 0x00007ffd53d74000 	C:\Windows\SYSTEM32\DBGHELP.DLL
0x00007ffd44970000 - 0x00007ffd449a4000 	C:\Windows\SYSTEM32\dbgcore.DLL
0x00007ffd558e0000 - 0x00007ffd55962000 	C:\Windows\System32\bcryptPrimitives.dll
0x00007ffd4e280000 - 0x00007ffd4e2a6000 	F:\Java JDK\bin\java.dll
0x00007ffd3fcb0000 - 0x00007ffd3fd87000 	F:\Java JDK\bin\jsvml.dll
0x00007ffd56fa0000 - 0x00007ffd576e4000 	C:\Windows\System32\SHELL32.dll
0x00007ffd53330000 - 0x00007ffd53acb000 	C:\Windows\SYSTEM32\windows.storage.dll
0x00007ffd57960000 - 0x00007ffd57cb4000 	C:\Windows\System32\combase.dll
0x00007ffd552b0000 - 0x00007ffd552dd000 	C:\Windows\SYSTEM32\Wldp.dll
0x00007ffd56540000 - 0x00007ffd565ed000 	C:\Windows\System32\SHCORE.dll
0x00007ffd565f0000 - 0x00007ffd56645000 	C:\Windows\System32\shlwapi.dll
0x00007ffd557a0000 - 0x00007ffd557c5000 	C:\Windows\SYSTEM32\profapi.dll

dbghelp: loaded successfully - version: 4.0.5 - missing functions: none
symbol engine: initialized successfully - sym options: 0x614 - pdb path: .;F:\Java JDK\bin;C:\Windows\SYSTEM32;C:\Windows\WinSxS\amd64_microsoft.windows.common-controls_6595b64144ccf1df_6.0.19041.3570_none_60bb2a3971f3e41a;F:\Java JDK\bin\server

VM Arguments:
jvm_args: -Dapplication.home=F:\Java JDK --add-modules=ALL-DEFAULT -Xms8m -Djdk.module.main=jdk.compiler 
java_command: jdk.compiler/com.sun.tools.javac.Main -d G:\Rizzler_Underground-main\Rizzler_Underground-main\rizzler_underground\rizzler_underground\gibbysblanket-main\build\classes -classpath G:\Rizzler_Underground-main\Rizzler_Underground-main\rizzler_underground\rizzler_underground\gibbysblanket-main\build\classes -sourcepath G:\Rizzler_Underground-main\Rizzler_Underground-main\rizzler_underground\rizzler_underground\gibbysblanket-main\build\empty -target 14 -encoding UTF-8 -g -processorpath G:\Rizzler_Underground-main\Rizzler_Underground-main\rizzler_underground\rizzler_underground\gibbysblanket-main\build\empty -s G:\Rizzler_Underground-main\Rizzler_Underground-main\rizzler_underground\rizzler_underground\gibbysblanket-main\build\generated-sources\ap-source-output -source 14 G:\Rizzler_Underground-main\Rizzler_Underground-main\rizzler_underground\rizzler_underground\gibbysblanket-main\src\enemy\MOB_GreenSlime.java G:\Rizzler_Underground-main\Rizzler_Underground-main\rizzler_underground\rizzler_underground\gibbysblanket-main\src\entity\NPC_CoolDog.java G:\Rizzler_Underground-main\Rizzler_Underground-main\rizzler_underground\rizzler_underground\gibbysblanket-main\src\entity\NPC_Lily.java G:\Rizzler_Underground-main\Rizzler_Underground-main\rizzler_underground\rizzler_underground\gibbysblanket-main\src\entity\PRO_Shirt.java G:\Rizzler_Underground-main\Rizzler_Underground-main\rizzler_underground\rizzler_underground\gibbysblanket-main\src\entity\entity.java G:\Rizzler_Underground-main\Rizzler_Underground-main\rizzler_underground\rizzler_underground\gibbysblanket-main\src\entity\player.java G:\Rizzler_Underground-main\Rizzler_Underground-main\rizzler_underground\rizzler_underground\gibbysblanket-main\src\main\AssetSetter.java G:\Rizzler_Underground-main\Rizzler_Underground-main\rizzler_underground\rizzler_underground\gibbysblanket-main\src\main\CollisionChecker.java G:\Rizzler_Underground-main\Rizzler_Underground-main\rizzler_underground\rizzler_underground\gibbysb
java_class_path (initial): <not set>
Launcher Type: SUN_STANDARD

[Global flags]
     intx CICompilerCount                          = 12                                        {product} {ergonomic}
     uint ConcGCThreads                            = 5                                         {product} {ergonomic}
     uint G1ConcRefinementThreads                  = 18                                        {product} {ergonomic}
   size_t G1HeapRegionSize                         = 4194304                                   {product} {ergonomic}
    uintx GCDrainStackTargetSize                   = 64                                        {product} {ergonomic}
   size_t InitialHeapSize                          = 8388608                                   {product} {command line}
   size_t MarkStackSize                            = 4194304                                   {product} {ergonomic}
   size_t MaxHeapSize                              = 8577351680                                {product} {ergonomic}
   size_t MaxNewSize                               = 5146411008                                {product} {ergonomic}
   size_t MinHeapDeltaBytes                        = 4194304                                   {product} {ergonomic}
   size_t MinHeapSize                              = 8388608                                   {product} {command line}
    uintx NonNMethodCodeHeapSize                   = 7602480                                {pd product} {ergonomic}
    uintx NonProfiledCodeHeapSize                  = 122027880                              {pd product} {ergonomic}
    uintx ProfiledCodeHeapSize                     = 122027880                              {pd product} {ergonomic}
    uintx ReservedCodeCacheSize                    = 251658240                              {pd product} {ergonomic}
     bool SegmentedCodeCache                       = true                                      {product} {ergonomic}
   size_t SoftMaxHeapSize                          = 8577351680                             {manageable} {ergonomic}
     bool UseCompressedClassPointers               = true                           {product lp64_product} {ergonomic}
     bool UseCompressedOops                        = true                           {product lp64_product} {ergonomic}
     bool UseG1GC                                  = true                                      {product} {ergonomic}
     bool UseLargePagesIndividualAllocation        = false                                  {pd product} {ergonomic}

Logging:
Log output configuration:
 #0: stdout all=warning uptime,level,tags foldmultilines=false
 #1: stderr all=off uptime,level,tags foldmultilines=false

Environment Variables:
PATH=C:\Program Files\Common Files\Oracle\Java\javapath;C:\Windows\system32;C:\Windows;C:\Windows\System32\Wbem;C:\Windows\System32\WindowsPowerShell\v1.0\;C:\Windows\System32\OpenSSH\;C:\Program Files\Git\cmd;C:\Program Files\dotnet\;C:\Users\Gibby\AppData\Local\Programs\Python\Python310\Scripts\;C:\Users\Gibby\AppData\Local\Programs\Python\Python310\;C:\Users\Gibby\AppData\Local\Microsoft\WindowsApps;C:\Users\Gibby\AppData\Local\GitHubDesktop\bin
USERNAME=Gibby
OS=Windows_NT
PROCESSOR_IDENTIFIER=AMD64 Family 25 Model 33 Stepping 0, AuthenticAMD
TMP=C:\Users\Gibby\AppData\Local\Temp
TEMP=C:\Users\Gibby\AppData\Local\Temp




---------------  S Y S T E M  ---------------

OS:
 Windows 10 , 64 bit Build 19041 (10.0.19041.3570)
OS uptime: 5 days 10:21 hours

CPU: total 24 (initial active 24) (24 cores per cpu, 2 threads per core) family 25 model 33 stepping 0 microcode 0x0, cx8, cmov, fxsr, ht, mmx, 3dnowpref, sse, sse2, sse3, ssse3, sse4a, sse4.1, sse4.2, popcnt, lzcnt, tsc, tscinvbit, avx, avx2, aes, erms, clmul, bmi1, bmi2, adx, sha, fma, vzeroupper, clflush, clflushopt, rdtscp, rdpid, fsrm, f16c, pku, cet_ss

Memory: 4k page, system-wide physical 32708M (25906M free)
TotalPageFile size 37572M (AvailPageFile size 29270M)
current process WorkingSet (physical memory assigned to process): 27M, peak: 27M
current process commit charge ("private bytes"): 104M, peak: 104M

vm_info: Java HotSpot(TM) 64-Bit Server VM (20.0.2+9-78) for windows-amd64 JRE (20.0.2+9-78), built on 2023-06-14T10:08:48Z by "mach5one" with MS VC++ 17.1 (VS2022)

END.
